mode: set
github.com/deckhouse/dmt/internal/flags/flags.go:40.42,46.2 3 0
github.com/deckhouse/dmt/internal/flags/flags.go:48.39,59.2 7 0
github.com/deckhouse/dmt/internal/flags/flags.go:61.38,65.2 2 0
github.com/deckhouse/dmt/cmd/dmt/main.go:36.13,38.2 1 0
github.com/deckhouse/dmt/cmd/dmt/main.go:40.32,41.27 1 0
github.com/deckhouse/dmt/cmd/dmt/main.go:41.27,43.16 2 0
github.com/deckhouse/dmt/cmd/dmt/main.go:43.16,45.18 2 0
github.com/deckhouse/dmt/cmd/dmt/main.go:45.18,48.5 2 0
github.com/deckhouse/dmt/cmd/dmt/main.go:49.4,51.18 3 0
github.com/deckhouse/dmt/cmd/dmt/main.go:51.18,54.5 2 0
github.com/deckhouse/dmt/cmd/dmt/main.go:55.4,60.63 3 0
github.com/deckhouse/dmt/cmd/dmt/main.go:60.63,63.5 2 0
github.com/deckhouse/dmt/cmd/dmt/main.go:67.2,89.29 16 0
github.com/deckhouse/dmt/cmd/dmt/main.go:89.29,91.3 1 0
github.com/deckhouse/dmt/cmd/dmt/main.go:93.2,93.12 1 0
github.com/deckhouse/dmt/cmd/dmt/root.go:32.16,40.56 1 0
github.com/deckhouse/dmt/cmd/dmt/root.go:40.56,45.26 3 0
github.com/deckhouse/dmt/cmd/dmt/root.go:45.26,48.5 2 0
github.com/deckhouse/dmt/cmd/dmt/root.go:50.44,51.4 0 0
github.com/deckhouse/dmt/cmd/dmt/root.go:54.2,65.43 2 0
github.com/deckhouse/dmt/cmd/dmt/root.go:65.43,67.4 1 0
github.com/deckhouse/dmt/cmd/dmt/root.go:71.2,78.16 6 0
github.com/deckhouse/dmt/cmd/dmt/root.go:78.16,80.3 1 0
github.com/deckhouse/dmt/cmd/dmt/root.go:83.51,86.20 2 0
github.com/deckhouse/dmt/cmd/dmt/root.go:86.20,88.3 1 0
github.com/deckhouse/dmt/cmd/dmt/root.go:90.2,91.16 2 0
github.com/deckhouse/dmt/cmd/dmt/root.go:91.16,94.3 2 0
github.com/deckhouse/dmt/cmd/dmt/root.go:96.2,96.37 1 0
github.com/deckhouse/dmt/cmd/dmt/root.go:96.37,98.3 1 0
github.com/deckhouse/dmt/internal/engine/engine.go:48.19,50.2 1 1
github.com/deckhouse/dmt/internal/engine/engine.go:71.95,74.2 2 1
github.com/deckhouse/dmt/internal/engine/engine.go:78.84,80.2 1 0
github.com/deckhouse/dmt/internal/engine/engine.go:98.35,100.2 1 0
github.com/deckhouse/dmt/internal/engine/engine.go:104.103,105.53 1 1
github.com/deckhouse/dmt/internal/engine/engine.go:105.53,107.39 2 1
github.com/deckhouse/dmt/internal/engine/engine.go:107.39,108.28 1 0
github.com/deckhouse/dmt/internal/engine/engine.go:108.28,110.5 1 0
github.com/deckhouse/dmt/internal/engine/engine.go:111.4,111.25 1 0
github.com/deckhouse/dmt/internal/engine/engine.go:112.9,114.4 1 1
github.com/deckhouse/dmt/internal/engine/engine.go:115.3,117.27 3 1
github.com/deckhouse/dmt/internal/engine/engine.go:123.117,124.52 1 1
github.com/deckhouse/dmt/internal/engine/engine.go:124.52,126.17 2 1
github.com/deckhouse/dmt/internal/engine/engine.go:126.17,128.4 1 0
github.com/deckhouse/dmt/internal/engine/engine.go:133.3,133.13 1 1
github.com/deckhouse/dmt/internal/engine/engine.go:133.13,135.4 1 0
github.com/deckhouse/dmt/internal/engine/engine.go:135.9,137.4 1 1
github.com/deckhouse/dmt/internal/engine/engine.go:141.3,153.17 3 1
github.com/deckhouse/dmt/internal/engine/engine.go:153.17,155.4 1 0
github.com/deckhouse/dmt/internal/engine/engine.go:157.3,158.47 2 1
github.com/deckhouse/dmt/internal/engine/engine.go:158.47,160.4 1 0
github.com/deckhouse/dmt/internal/engine/engine.go:163.3,163.65 1 1
github.com/deckhouse/dmt/internal/engine/engine.go:168.51,177.64 5 1
github.com/deckhouse/dmt/internal/engine/engine.go:177.64,178.17 1 1
github.com/deckhouse/dmt/internal/engine/engine.go:178.17,179.18 1 1
github.com/deckhouse/dmt/internal/engine/engine.go:179.18,183.5 2 1
github.com/deckhouse/dmt/internal/engine/engine.go:184.4,184.42 1 0
github.com/deckhouse/dmt/internal/engine/engine.go:185.9,185.39 1 0
github.com/deckhouse/dmt/internal/engine/engine.go:185.39,186.17 1 0
github.com/deckhouse/dmt/internal/engine/engine.go:186.17,187.19 1 0
github.com/deckhouse/dmt/internal/engine/engine.go:187.19,191.6 2 0
github.com/deckhouse/dmt/internal/engine/engine.go:192.5,192.43 1 0
github.com/deckhouse/dmt/internal/engine/engine.go:195.3,195.18 1 0
github.com/deckhouse/dmt/internal/engine/engine.go:199.2,199.53 1 1
github.com/deckhouse/dmt/internal/engine/engine.go:199.53,200.17 1 0
github.com/deckhouse/dmt/internal/engine/engine.go:200.17,204.4 2 0
github.com/deckhouse/dmt/internal/engine/engine.go:205.3,205.39 1 0
github.com/deckhouse/dmt/internal/engine/engine.go:210.2,210.18 1 1
github.com/deckhouse/dmt/internal/engine/engine.go:210.18,211.52 1 1
github.com/deckhouse/dmt/internal/engine/engine.go:211.52,213.4 1 0
github.com/deckhouse/dmt/internal/engine/engine.go:216.2,216.18 1 1
github.com/deckhouse/dmt/internal/engine/engine.go:222.92,230.15 1 1
github.com/deckhouse/dmt/internal/engine/engine.go:230.15,231.31 1 1
github.com/deckhouse/dmt/internal/engine/engine.go:231.31,233.4 1 0
github.com/deckhouse/dmt/internal/engine/engine.go:235.2,236.14 2 1
github.com/deckhouse/dmt/internal/engine/engine.go:236.14,238.3 1 1
github.com/deckhouse/dmt/internal/engine/engine.go:238.8,242.3 1 1
github.com/deckhouse/dmt/internal/engine/engine.go:244.2,250.32 3 1
github.com/deckhouse/dmt/internal/engine/engine.go:250.32,252.57 2 1
github.com/deckhouse/dmt/internal/engine/engine.go:252.57,254.4 1 0
github.com/deckhouse/dmt/internal/engine/engine.go:257.2,258.32 2 1
github.com/deckhouse/dmt/internal/engine/engine.go:258.32,261.50 1 1
github.com/deckhouse/dmt/internal/engine/engine.go:261.50,262.12 1 1
github.com/deckhouse/dmt/internal/engine/engine.go:265.3,267.57 3 1
github.com/deckhouse/dmt/internal/engine/engine.go:267.57,269.4 1 1
github.com/deckhouse/dmt/internal/engine/engine.go:270.3,273.24 3 1
github.com/deckhouse/dmt/internal/engine/engine.go:273.24,278.83 3 1
github.com/deckhouse/dmt/internal/engine/engine.go:278.83,280.5 1 1
github.com/deckhouse/dmt/internal/engine/engine.go:282.4,282.43 1 1
github.com/deckhouse/dmt/internal/engine/engine.go:282.43,286.5 2 1
github.com/deckhouse/dmt/internal/engine/engine.go:286.10,289.5 1 1
github.com/deckhouse/dmt/internal/engine/engine.go:290.9,296.4 1 1
github.com/deckhouse/dmt/internal/engine/engine.go:299.2,299.22 1 1
github.com/deckhouse/dmt/internal/engine/engine.go:302.58,304.22 2 0
github.com/deckhouse/dmt/internal/engine/engine.go:304.22,307.3 1 0
github.com/deckhouse/dmt/internal/engine/engine.go:310.2,313.64 3 0
github.com/deckhouse/dmt/internal/engine/engine.go:316.57,317.62 1 1
github.com/deckhouse/dmt/internal/engine/engine.go:317.62,319.3 1 0
github.com/deckhouse/dmt/internal/engine/engine.go:321.2,322.22 2 1
github.com/deckhouse/dmt/internal/engine/engine.go:322.22,325.3 1 0
github.com/deckhouse/dmt/internal/engine/engine.go:329.2,332.21 3 1
github.com/deckhouse/dmt/internal/engine/engine.go:332.21,334.3 1 0
github.com/deckhouse/dmt/internal/engine/engine.go:336.2,336.12 1 1
github.com/deckhouse/dmt/internal/engine/engine.go:339.57,342.24 3 1
github.com/deckhouse/dmt/internal/engine/engine.go:342.24,345.3 2 1
github.com/deckhouse/dmt/internal/engine/engine.go:346.2,347.13 2 1
github.com/deckhouse/dmt/internal/engine/engine.go:352.35,352.52 1 1
github.com/deckhouse/dmt/internal/engine/engine.go:353.35,353.62 1 1
github.com/deckhouse/dmt/internal/engine/engine.go:354.40,357.14 3 1
github.com/deckhouse/dmt/internal/engine/engine.go:357.14,359.3 1 1
github.com/deckhouse/dmt/internal/engine/engine.go:360.2,360.16 1 1
github.com/deckhouse/dmt/internal/engine/engine.go:366.80,370.2 3 1
github.com/deckhouse/dmt/internal/engine/engine.go:376.104,394.16 4 1
github.com/deckhouse/dmt/internal/engine/engine.go:394.16,396.3 1 1
github.com/deckhouse/dmt/internal/engine/engine.go:396.8,396.68 1 1
github.com/deckhouse/dmt/internal/engine/engine.go:396.68,398.3 1 1
github.com/deckhouse/dmt/internal/engine/engine.go:400.2,400.41 1 1
github.com/deckhouse/dmt/internal/engine/engine.go:400.41,402.3 1 1
github.com/deckhouse/dmt/internal/engine/engine.go:404.2,405.32 2 1
github.com/deckhouse/dmt/internal/engine/engine.go:405.32,406.15 1 1
github.com/deckhouse/dmt/internal/engine/engine.go:406.15,407.12 1 0
github.com/deckhouse/dmt/internal/engine/engine.go:409.3,409.34 1 1
github.com/deckhouse/dmt/internal/engine/engine.go:409.34,410.12 1 1
github.com/deckhouse/dmt/internal/engine/engine.go:412.3,416.4 1 1
github.com/deckhouse/dmt/internal/engine/engine.go:419.2,419.13 1 1
github.com/deckhouse/dmt/internal/engine/engine.go:423.65,424.24 1 1
github.com/deckhouse/dmt/internal/engine/engine.go:424.24,426.3 1 1
github.com/deckhouse/dmt/internal/engine/engine.go:427.2,427.13 1 1
github.com/deckhouse/dmt/internal/engine/engine.go:431.42,433.2 1 1
github.com/deckhouse/dmt/internal/engine/files.go:34.41,36.25 2 1
github.com/deckhouse/dmt/internal/engine/files.go:36.25,38.3 1 1
github.com/deckhouse/dmt/internal/engine/files.go:39.2,39.14 1 1
github.com/deckhouse/dmt/internal/engine/files.go:49.45,50.26 1 1
github.com/deckhouse/dmt/internal/engine/files.go:50.26,52.3 1 1
github.com/deckhouse/dmt/internal/engine/files.go:53.2,53.17 1 0
github.com/deckhouse/dmt/internal/engine/files.go:62.40,64.2 1 1
github.com/deckhouse/dmt/internal/engine/files.go:74.43,76.16 2 1
github.com/deckhouse/dmt/internal/engine/files.go:76.16,78.3 1 0
github.com/deckhouse/dmt/internal/engine/files.go:80.2,81.32 2 1
github.com/deckhouse/dmt/internal/engine/files.go:81.32,82.20 1 1
github.com/deckhouse/dmt/internal/engine/files.go:82.20,84.4 1 1
github.com/deckhouse/dmt/internal/engine/files.go:87.2,87.11 1 1
github.com/deckhouse/dmt/internal/engine/files.go:105.34,106.14 1 1
github.com/deckhouse/dmt/internal/engine/files.go:106.14,108.3 1 0
github.com/deckhouse/dmt/internal/engine/files.go:110.2,113.22 2 1
github.com/deckhouse/dmt/internal/engine/files.go:113.22,115.3 1 1
github.com/deckhouse/dmt/internal/engine/files.go:117.2,117.18 1 1
github.com/deckhouse/dmt/internal/engine/files.go:135.35,136.14 1 1
github.com/deckhouse/dmt/internal/engine/files.go:136.14,138.3 1 0
github.com/deckhouse/dmt/internal/engine/files.go:140.2,142.22 2 1
github.com/deckhouse/dmt/internal/engine/files.go:142.22,144.3 1 1
github.com/deckhouse/dmt/internal/engine/files.go:146.2,146.18 1 1
github.com/deckhouse/dmt/internal/engine/files.go:156.48,157.36 1 1
github.com/deckhouse/dmt/internal/engine/files.go:157.36,159.3 1 0
github.com/deckhouse/dmt/internal/engine/files.go:160.2,161.36 2 1
github.com/deckhouse/dmt/internal/engine/files.go:161.36,163.3 1 0
github.com/deckhouse/dmt/internal/engine/files.go:164.2,164.31 1 1
github.com/deckhouse/dmt/internal/engine/funcs.go:46.33,66.40 4 1
github.com/deckhouse/dmt/internal/engine/funcs.go:66.40,66.68 1 1
github.com/deckhouse/dmt/internal/engine/funcs.go:67.37,67.65 1 1
github.com/deckhouse/dmt/internal/engine/funcs.go:68.46,68.79 1 1
github.com/deckhouse/dmt/internal/engine/funcs.go:71.74,73.4 1 1
github.com/deckhouse/dmt/internal/engine/funcs.go:75.42,77.4 1 1
github.com/deckhouse/dmt/internal/engine/funcs.go:79.42,81.4 1 1
github.com/deckhouse/dmt/internal/engine/funcs.go:84.2,86.10 2 1
github.com/deckhouse/dmt/internal/engine/funcs.go:93.27,95.16 2 1
github.com/deckhouse/dmt/internal/engine/funcs.go:95.16,98.3 1 0
github.com/deckhouse/dmt/internal/engine/funcs.go:99.2,99.47 1 1
github.com/deckhouse/dmt/internal/engine/funcs.go:102.33,108.16 5 1
github.com/deckhouse/dmt/internal/engine/funcs.go:108.16,111.3 1 0
github.com/deckhouse/dmt/internal/engine/funcs.go:112.2,112.48 1 1
github.com/deckhouse/dmt/internal/engine/funcs.go:121.42,124.56 2 1
github.com/deckhouse/dmt/internal/engine/funcs.go:124.56,126.3 1 1
github.com/deckhouse/dmt/internal/engine/funcs.go:127.2,127.10 1 1
github.com/deckhouse/dmt/internal/engine/funcs.go:136.38,139.56 2 1
github.com/deckhouse/dmt/internal/engine/funcs.go:139.56,141.3 1 1
github.com/deckhouse/dmt/internal/engine/funcs.go:142.2,142.10 1 1
github.com/deckhouse/dmt/internal/engine/funcs.go:149.27,153.16 4 1
github.com/deckhouse/dmt/internal/engine/funcs.go:153.16,155.3 1 0
github.com/deckhouse/dmt/internal/engine/funcs.go:156.2,156.19 1 1
github.com/deckhouse/dmt/internal/engine/funcs.go:165.42,168.56 2 1
github.com/deckhouse/dmt/internal/engine/funcs.go:168.56,170.3 1 1
github.com/deckhouse/dmt/internal/engine/funcs.go:171.2,171.10 1 1
github.com/deckhouse/dmt/internal/engine/funcs.go:178.27,180.16 2 1
github.com/deckhouse/dmt/internal/engine/funcs.go:180.16,183.3 1 0
github.com/deckhouse/dmt/internal/engine/funcs.go:184.2,184.21 1 1
github.com/deckhouse/dmt/internal/engine/funcs.go:193.42,196.56 2 1
github.com/deckhouse/dmt/internal/engine/funcs.go:196.56,198.3 1 1
github.com/deckhouse/dmt/internal/engine/funcs.go:199.2,199.10 1 1
github.com/deckhouse/dmt/internal/engine/funcs.go:208.38,211.56 2 1
github.com/deckhouse/dmt/internal/engine/funcs.go:211.56,213.3 1 1
github.com/deckhouse/dmt/internal/engine/funcs.go:214.2,214.10 1 1
github.com/deckhouse/dmt/internal/fsutils/fsutils.go:32.30,35.2 2 1
github.com/deckhouse/dmt/internal/fsutils/fsutils.go:38.31,42.2 2 1
github.com/deckhouse/dmt/internal/fsutils/fsutils.go:45.30,52.22 2 1
github.com/deckhouse/dmt/internal/fsutils/fsutils.go:52.22,54.27 2 1
github.com/deckhouse/dmt/internal/fsutils/fsutils.go:54.27,56.4 1 0
github.com/deckhouse/dmt/internal/fsutils/fsutils.go:58.3,59.17 2 1
github.com/deckhouse/dmt/internal/fsutils/fsutils.go:59.17,62.4 2 0
github.com/deckhouse/dmt/internal/fsutils/fsutils.go:64.3,64.22 1 1
github.com/deckhouse/dmt/internal/fsutils/fsutils.go:67.2,67.32 1 1
github.com/deckhouse/dmt/internal/fsutils/fsutils.go:71.48,80.8 4 1
github.com/deckhouse/dmt/internal/fsutils/fsutils.go:80.8,83.3 2 0
github.com/deckhouse/dmt/internal/fsutils/fsutils.go:85.2,89.24 4 1
github.com/deckhouse/dmt/internal/fsutils/fsutils.go:93.44,96.2 2 0
github.com/deckhouse/dmt/internal/fsutils/fsutils.go:100.45,101.16 1 1
github.com/deckhouse/dmt/internal/fsutils/fsutils.go:101.16,103.3 1 0
github.com/deckhouse/dmt/internal/fsutils/fsutils.go:105.2,105.20 1 1
github.com/deckhouse/dmt/internal/fsutils/fsutils.go:105.20,107.3 1 1
github.com/deckhouse/dmt/internal/fsutils/fsutils.go:109.2,110.16 2 1
github.com/deckhouse/dmt/internal/fsutils/fsutils.go:110.16,112.3 1 0
github.com/deckhouse/dmt/internal/fsutils/fsutils.go:114.2,114.42 1 1
github.com/deckhouse/dmt/internal/fsutils/fsutils.go:117.71,118.35 1 1
github.com/deckhouse/dmt/internal/fsutils/fsutils.go:118.35,120.3 1 1
github.com/deckhouse/dmt/internal/fsutils/fsutils.go:123.67,124.35 1 1
github.com/deckhouse/dmt/internal/fsutils/fsutils.go:124.35,126.3 1 1
github.com/deckhouse/dmt/internal/fsutils/fsutils.go:129.43,134.23 2 1
github.com/deckhouse/dmt/internal/fsutils/fsutils.go:134.23,136.3 1 1
github.com/deckhouse/dmt/internal/fsutils/fsutils.go:139.2,140.29 2 1
github.com/deckhouse/dmt/internal/fsutils/fsutils.go:140.29,141.17 1 1
github.com/deckhouse/dmt/internal/fsutils/fsutils.go:141.17,143.4 1 1
github.com/deckhouse/dmt/internal/fsutils/fsutils.go:146.2,146.22 1 1
github.com/deckhouse/dmt/internal/fsutils/getfiles.go:26.80,28.81 2 1
github.com/deckhouse/dmt/internal/fsutils/getfiles.go:28.81,29.53 1 1
github.com/deckhouse/dmt/internal/fsutils/getfiles.go:29.53,31.4 1 1
github.com/deckhouse/dmt/internal/fsutils/getfiles.go:33.3,33.19 1 1
github.com/deckhouse/dmt/internal/fsutils/getfiles.go:33.19,34.29 1 1
github.com/deckhouse/dmt/internal/fsutils/getfiles.go:34.29,36.5 1 1
github.com/deckhouse/dmt/internal/fsutils/getfiles.go:38.4,38.14 1 1
github.com/deckhouse/dmt/internal/fsutils/getfiles.go:41.3,41.45 1 1
github.com/deckhouse/dmt/internal/fsutils/getfiles.go:41.45,43.4 1 1
github.com/deckhouse/dmt/internal/fsutils/getfiles.go:45.3,45.13 1 1
github.com/deckhouse/dmt/internal/fsutils/getfiles.go:48.2,48.15 1 1
github.com/deckhouse/dmt/internal/fsutils/getfiles.go:51.66,52.23 1 1
github.com/deckhouse/dmt/internal/fsutils/getfiles.go:52.23,54.3 1 1
github.com/deckhouse/dmt/internal/fsutils/getfiles.go:56.2,56.33 1 1
github.com/deckhouse/dmt/internal/fsutils/getfiles.go:56.33,57.29 1 1
github.com/deckhouse/dmt/internal/fsutils/getfiles.go:57.29,59.4 1 1
github.com/deckhouse/dmt/internal/fsutils/getfiles.go:62.2,62.14 1 0
github.com/deckhouse/dmt/internal/logger/logger.go:34.47,40.18 4 1
github.com/deckhouse/dmt/internal/logger/logger.go:41.21,42.27 1 1
github.com/deckhouse/dmt/internal/logger/logger.go:43.20,44.26 1 1
github.com/deckhouse/dmt/internal/logger/logger.go:45.20,46.26 1 1
github.com/deckhouse/dmt/internal/logger/logger.go:47.21,48.27 1 1
github.com/deckhouse/dmt/internal/logger/logger.go:51.2,52.27 2 1
github.com/deckhouse/dmt/internal/logger/logger.go:55.38,58.2 1 1
github.com/deckhouse/dmt/internal/logger/logger.go:60.37,63.2 1 1
github.com/deckhouse/dmt/internal/logger/logger.go:65.37,68.2 1 1
github.com/deckhouse/dmt/internal/logger/logger.go:70.38,73.2 1 1
github.com/deckhouse/dmt/internal/logger/logger.go:75.24,76.16 1 0
github.com/deckhouse/dmt/internal/logger/logger.go:76.16,80.3 2 0
github.com/deckhouse/dmt/internal/helm/render.go:34.112,35.18 1 1
github.com/deckhouse/dmt/internal/helm/render.go:35.18,37.3 1 1
github.com/deckhouse/dmt/internal/helm/render.go:39.2,43.16 4 1
github.com/deckhouse/dmt/internal/helm/render.go:43.16,45.3 1 0
github.com/deckhouse/dmt/internal/helm/render.go:47.2,47.17 1 1
github.com/deckhouse/dmt/internal/flags/flags.go:40.42,46.2 3 0
github.com/deckhouse/dmt/internal/flags/flags.go:48.39,59.2 7 0
github.com/deckhouse/dmt/internal/flags/flags.go:61.38,65.2 2 0
github.com/deckhouse/dmt/internal/metrics/convert.go:29.76,33.16 3 0
github.com/deckhouse/dmt/internal/metrics/convert.go:33.16,35.3 1 0
github.com/deckhouse/dmt/internal/metrics/convert.go:37.2,39.46 2 0
github.com/deckhouse/dmt/internal/metrics/convert.go:39.46,41.46 2 0
github.com/deckhouse/dmt/internal/metrics/convert.go:41.46,44.43 2 0
github.com/deckhouse/dmt/internal/metrics/convert.go:44.43,49.5 1 0
github.com/deckhouse/dmt/internal/metrics/convert.go:52.4,52.11 1 0
github.com/deckhouse/dmt/internal/metrics/convert.go:53.36,67.7 3 0
github.com/deckhouse/dmt/internal/metrics/convert.go:69.34,83.7 3 0
github.com/deckhouse/dmt/internal/metrics/convert.go:85.38,119.50 8 0
github.com/deckhouse/dmt/internal/metrics/convert.go:119.50,139.6 3 0
github.com/deckhouse/dmt/internal/metrics/convert.go:141.36,175.52 8 0
github.com/deckhouse/dmt/internal/metrics/convert.go:175.52,195.6 3 0
github.com/deckhouse/dmt/internal/metrics/convert.go:200.2,200.15 1 0
github.com/deckhouse/dmt/internal/metrics/metrics.go:37.54,38.20 1 1
github.com/deckhouse/dmt/internal/metrics/metrics.go:38.20,40.3 1 0
github.com/deckhouse/dmt/internal/metrics/metrics.go:42.2,44.16 2 1
github.com/deckhouse/dmt/internal/metrics/metrics.go:47.46,49.22 2 1
github.com/deckhouse/dmt/internal/metrics/metrics.go:49.22,51.3 1 1
github.com/deckhouse/dmt/internal/metrics/metrics.go:53.2,55.33 3 0
github.com/deckhouse/dmt/internal/metrics/metrics.go:55.33,57.3 1 0
github.com/deckhouse/dmt/internal/metrics/metrics.go:58.2,60.23 2 0
github.com/deckhouse/dmt/internal/metrics/metrics.go:63.19,69.2 1 0
github.com/deckhouse/dmt/internal/metrics/metrics.go:71.50,73.30 2 1
github.com/deckhouse/dmt/internal/metrics/metrics.go:73.30,77.27 3 1
github.com/deckhouse/dmt/internal/metrics/metrics.go:77.27,79.35 2 1
github.com/deckhouse/dmt/internal/metrics/metrics.go:79.35,85.5 1 1
github.com/deckhouse/dmt/internal/metrics/metrics.go:90.58,96.2 1 0
github.com/deckhouse/dmt/internal/metrics/metrics.go:98.30,107.2 1 0
github.com/deckhouse/dmt/internal/metrics/metrics.go:109.37,117.2 1 0
github.com/deckhouse/dmt/internal/metrics/repository.go:29.46,31.22 2 1
github.com/deckhouse/dmt/internal/metrics/repository.go:31.22,33.3 1 1
github.com/deckhouse/dmt/internal/metrics/repository.go:35.2,36.16 2 0
github.com/deckhouse/dmt/internal/metrics/repository.go:36.16,39.3 2 0
github.com/deckhouse/dmt/internal/metrics/repository.go:41.2,42.16 2 0
github.com/deckhouse/dmt/internal/metrics/repository.go:42.16,45.3 2 0
github.com/deckhouse/dmt/internal/metrics/repository.go:47.2,48.38 2 0
github.com/deckhouse/dmt/internal/metrics/repository.go:51.42,52.6 1 1
github.com/deckhouse/dmt/internal/metrics/repository.go:52.6,54.57 1 1
github.com/deckhouse/dmt/internal/metrics/repository.go:54.57,56.4 1 0
github.com/deckhouse/dmt/internal/metrics/repository.go:57.3,58.36 2 1
github.com/deckhouse/dmt/internal/metrics/repository.go:58.36,59.9 1 1
github.com/deckhouse/dmt/internal/metrics/repository.go:62.3,62.15 1 0
github.com/deckhouse/dmt/internal/metrics/repository.go:65.2,65.11 1 1
github.com/deckhouse/dmt/internal/metrics/repository.go:68.44,69.40 1 1
github.com/deckhouse/dmt/internal/metrics/repository.go:69.40,74.3 3 1
github.com/deckhouse/dmt/internal/metrics/repository.go:75.2,75.78 1 1
github.com/deckhouse/dmt/internal/metrics/repository.go:75.78,80.3 3 1
github.com/deckhouse/dmt/internal/metrics/repository.go:81.2,81.16 1 1
github.com/deckhouse/dmt/internal/metrics/service.go:37.84,51.2 3 1
github.com/deckhouse/dmt/internal/metrics/service.go:53.62,54.33 1 0
github.com/deckhouse/dmt/internal/metrics/service.go:54.33,56.3 1 0
github.com/deckhouse/dmt/internal/metrics/service.go:58.2,63.16 2 0
github.com/deckhouse/dmt/internal/metrics/service.go:63.16,65.3 1 0
github.com/deckhouse/dmt/internal/metrics/storage.go:41.40,54.2 5 1
github.com/deckhouse/dmt/internal/metrics/storage.go:58.90,59.14 1 0
github.com/deckhouse/dmt/internal/metrics/storage.go:59.14,61.3 1 0
github.com/deckhouse/dmt/internal/metrics/storage.go:62.2,62.49 1 0
github.com/deckhouse/dmt/internal/metrics/storage.go:65.90,66.14 1 0
github.com/deckhouse/dmt/internal/metrics/storage.go:66.14,68.3 1 0
github.com/deckhouse/dmt/internal/metrics/storage.go:69.2,69.49 1 0
github.com/deckhouse/dmt/internal/metrics/storage.go:72.93,76.8 4 0
github.com/deckhouse/dmt/internal/metrics/storage.go:76.8,78.3 1 0
github.com/deckhouse/dmt/internal/metrics/storage.go:80.2,80.40 1 0
github.com/deckhouse/dmt/internal/metrics/storage.go:83.101,88.8 4 0
github.com/deckhouse/dmt/internal/metrics/storage.go:88.8,90.3 1 0
github.com/deckhouse/dmt/internal/metrics/storage.go:92.2,101.12 4 0
github.com/deckhouse/dmt/internal/metrics/storage.go:106.92,107.14 1 1
github.com/deckhouse/dmt/internal/metrics/storage.go:107.14,109.3 1 0
github.com/deckhouse/dmt/internal/metrics/storage.go:110.2,110.51 1 1
github.com/deckhouse/dmt/internal/metrics/storage.go:113.97,117.8 4 1
github.com/deckhouse/dmt/internal/metrics/storage.go:117.8,119.3 1 1
github.com/deckhouse/dmt/internal/metrics/storage.go:121.2,121.42 1 1
github.com/deckhouse/dmt/internal/metrics/storage.go:124.105,129.8 4 1
github.com/deckhouse/dmt/internal/metrics/storage.go:129.8,131.3 1 0
github.com/deckhouse/dmt/internal/metrics/storage.go:133.2,142.12 4 1
github.com/deckhouse/dmt/internal/metrics/storage.go:147.117,148.14 1 0
github.com/deckhouse/dmt/internal/metrics/storage.go:148.14,150.3 1 0
github.com/deckhouse/dmt/internal/metrics/storage.go:151.2,151.66 1 0
github.com/deckhouse/dmt/internal/metrics/storage.go:154.120,158.8 4 0
github.com/deckhouse/dmt/internal/metrics/storage.go:158.8,160.3 1 0
github.com/deckhouse/dmt/internal/metrics/storage.go:161.2,161.53 1 0
github.com/deckhouse/dmt/internal/metrics/storage.go:164.128,169.8 4 0
github.com/deckhouse/dmt/internal/metrics/storage.go:169.8,171.3 1 0
github.com/deckhouse/dmt/internal/metrics/storage.go:173.2,179.9 2 0
github.com/deckhouse/dmt/internal/metrics/storage.go:179.9,181.3 1 0
github.com/deckhouse/dmt/internal/metrics/storage.go:183.2,191.12 4 0
github.com/deckhouse/dmt/internal/metrics/storage.go:195.52,197.32 2 1
github.com/deckhouse/dmt/internal/metrics/storage.go:197.32,199.3 1 1
github.com/deckhouse/dmt/internal/metrics/storage.go:200.2,201.14 2 1
github.com/deckhouse/dmt/internal/promremote/convert.go:26.70,29.16 3 0
github.com/deckhouse/dmt/internal/promremote/convert.go:29.16,31.3 1 0
github.com/deckhouse/dmt/internal/promremote/convert.go:33.2,37.45 2 0
github.com/deckhouse/dmt/internal/promremote/convert.go:37.45,42.3 1 0
github.com/deckhouse/dmt/internal/promremote/convert.go:44.2,47.28 3 0
github.com/deckhouse/dmt/internal/promremote/convert.go:47.28,49.3 1 0
github.com/deckhouse/dmt/internal/promremote/convert.go:49.8,49.37 1 0
github.com/deckhouse/dmt/internal/promremote/convert.go:49.37,51.3 1 0
github.com/deckhouse/dmt/internal/promremote/convert.go:51.8,51.37 1 0
github.com/deckhouse/dmt/internal/promremote/convert.go:51.37,53.3 1 0
github.com/deckhouse/dmt/internal/promremote/convert.go:55.2,55.34 1 0
github.com/deckhouse/dmt/internal/promremote/convert.go:55.34,57.3 1 0
github.com/deckhouse/dmt/internal/promremote/convert.go:57.8,59.3 1 0
github.com/deckhouse/dmt/internal/promremote/convert.go:61.2,67.3 1 0
github.com/deckhouse/dmt/internal/promremote/promremote.go:86.43,87.30 1 1
github.com/deckhouse/dmt/internal/promremote/promremote.go:87.30,89.3 1 1
github.com/deckhouse/dmt/internal/promremote/promremote.go:91.2,100.3 2 0
github.com/deckhouse/dmt/internal/promremote/promremote.go:107.29,109.2 1 0
github.com/deckhouse/dmt/internal/promremote/promremote.go:115.29,118.16 3 0
github.com/deckhouse/dmt/internal/promremote/promremote.go:118.16,120.3 1 0
github.com/deckhouse/dmt/internal/promremote/promremote.go:122.2,126.16 4 0
github.com/deckhouse/dmt/internal/promremote/promremote.go:126.16,128.3 1 0
github.com/deckhouse/dmt/internal/promremote/promremote.go:130.2,136.25 6 0
github.com/deckhouse/dmt/internal/promremote/promremote.go:136.25,137.34 1 0
github.com/deckhouse/dmt/internal/promremote/promremote.go:137.34,139.4 1 0
github.com/deckhouse/dmt/internal/promremote/promremote.go:142.2,143.16 2 0
github.com/deckhouse/dmt/internal/promremote/promremote.go:143.16,145.3 1 0
github.com/deckhouse/dmt/internal/promremote/promremote.go:147.2,151.32 3 0
github.com/deckhouse/dmt/internal/promremote/promremote.go:151.32,158.17 3 0
github.com/deckhouse/dmt/internal/promremote/promremote.go:158.17,161.4 2 0
github.com/deckhouse/dmt/internal/promremote/promremote.go:163.3,164.26 2 0
github.com/deckhouse/dmt/internal/promremote/promremote.go:167.2,167.20 1 0
github.com/deckhouse/dmt/internal/promremote/promremote.go:171.59,174.23 2 0
github.com/deckhouse/dmt/internal/promremote/promremote.go:174.23,176.35 2 0
github.com/deckhouse/dmt/internal/promremote/promremote.go:176.35,178.4 1 0
github.com/deckhouse/dmt/internal/promremote/promremote.go:180.3,185.65 2 0
github.com/deckhouse/dmt/internal/promremote/promremote.go:188.2,190.3 1 0
github.com/deckhouse/dmt/internal/promremote/promremote.go:198.36,200.2 1 0
github.com/deckhouse/dmt/internal/promremote/promremote.go:204.38,206.2 1 0
github.com/deckhouse/dmt/pkg/level.go:39.43,41.9 2 0
github.com/deckhouse/dmt/pkg/level.go:41.9,43.3 1 0
github.com/deckhouse/dmt/pkg/level.go:45.2,45.12 1 0
github.com/deckhouse/dmt/pkg/level.go:48.32,50.9 2 1
github.com/deckhouse/dmt/pkg/level.go:50.9,52.3 1 0
github.com/deckhouse/dmt/pkg/level.go:54.2,54.12 1 1
github.com/deckhouse/dmt/pkg/rule.go:31.37,33.2 1 0
github.com/deckhouse/dmt/pkg/rule.go:39.35,41.2 1 0
github.com/deckhouse/dmt/pkg/rule.go:47.47,48.38 1 0
github.com/deckhouse/dmt/pkg/rule.go:48.38,49.25 1 0
github.com/deckhouse/dmt/pkg/rule.go:49.25,51.4 1 0
github.com/deckhouse/dmt/pkg/rule.go:54.2,54.13 1 0
github.com/deckhouse/dmt/pkg/rule.go:61.47,62.38 1 0
github.com/deckhouse/dmt/pkg/rule.go:62.38,63.25 1 0
github.com/deckhouse/dmt/pkg/rule.go:63.25,65.4 1 0
github.com/deckhouse/dmt/pkg/rule.go:68.2,68.13 1 0
github.com/deckhouse/dmt/pkg/rule.go:75.52,76.38 1 0
github.com/deckhouse/dmt/pkg/rule.go:76.38,77.32 1 0
github.com/deckhouse/dmt/pkg/rule.go:77.32,79.4 1 0
github.com/deckhouse/dmt/pkg/rule.go:82.2,82.13 1 0
github.com/deckhouse/dmt/pkg/rule.go:89.95,90.38 1 0
github.com/deckhouse/dmt/pkg/rule.go:90.38,91.39 1 0
github.com/deckhouse/dmt/pkg/rule.go:91.39,93.4 1 0
github.com/deckhouse/dmt/pkg/rule.go:96.2,96.13 1 0
github.com/deckhouse/dmt/pkg/rule.go:101.53,103.2 1 0
github.com/deckhouse/dmt/pkg/rule.go:107.53,109.2 1 0
github.com/deckhouse/dmt/pkg/rule.go:115.59,116.38 1 0
github.com/deckhouse/dmt/pkg/rule.go:116.38,117.32 1 0
github.com/deckhouse/dmt/pkg/rule.go:117.32,119.4 1 0
github.com/deckhouse/dmt/pkg/rule.go:122.2,122.13 1 0
github.com/deckhouse/dmt/pkg/rule.go:130.62,132.18 1 0
github.com/deckhouse/dmt/pkg/rule.go:132.18,134.3 1 0
github.com/deckhouse/dmt/pkg/rule.go:136.2,136.13 1 0
github.com/deckhouse/dmt/pkg/rule.go:144.59,146.18 1 0
github.com/deckhouse/dmt/pkg/rule.go:146.18,148.3 1 0
github.com/deckhouse/dmt/pkg/rule.go:150.2,150.13 1 0
github.com/deckhouse/dmt/pkg/rule.go:159.102,162.56 1 0
github.com/deckhouse/dmt/pkg/rule.go:162.56,164.3 1 0
github.com/deckhouse/dmt/pkg/rule.go:166.2,166.13 1 0
github.com/deckhouse/dmt/pkg/rule.go:174.46,175.44 1 0
github.com/deckhouse/dmt/pkg/rule.go:175.44,176.26 1 0
github.com/deckhouse/dmt/pkg/rule.go:176.26,178.4 1 0
github.com/deckhouse/dmt/pkg/rule.go:181.2,181.44 1 0
github.com/deckhouse/dmt/pkg/rule.go:181.44,182.26 1 0
github.com/deckhouse/dmt/pkg/rule.go:182.26,184.4 1 0
github.com/deckhouse/dmt/pkg/rule.go:187.2,187.13 1 0
github.com/deckhouse/dmt/pkg/config/global/global.go:41.37,43.2 1 1
github.com/deckhouse/dmt/internal/flags/flags.go:40.42,46.2 3 0
github.com/deckhouse/dmt/internal/flags/flags.go:48.39,59.2 7 0
github.com/deckhouse/dmt/internal/flags/flags.go:61.38,65.2 2 0
github.com/deckhouse/dmt/internal/manager/manager.go:74.69,83.16 4 0
github.com/deckhouse/dmt/internal/manager/manager.go:83.16,86.3 2 0
github.com/deckhouse/dmt/internal/manager/manager.go:88.2,89.16 2 0
github.com/deckhouse/dmt/internal/manager/manager.go:89.16,91.3 1 0
github.com/deckhouse/dmt/internal/manager/manager.go:93.2,94.16 2 0
github.com/deckhouse/dmt/internal/manager/manager.go:94.16,97.3 2 0
github.com/deckhouse/dmt/internal/manager/manager.go:98.2,99.23 2 0
github.com/deckhouse/dmt/internal/manager/manager.go:99.23,102.52 3 0
github.com/deckhouse/dmt/internal/manager/manager.go:102.52,104.12 1 0
github.com/deckhouse/dmt/internal/manager/manager.go:106.3,107.17 2 0
github.com/deckhouse/dmt/internal/manager/manager.go:107.17,112.12 2 0
github.com/deckhouse/dmt/internal/manager/manager.go:115.3,117.37 2 0
github.com/deckhouse/dmt/internal/manager/manager.go:120.2,122.10 2 0
github.com/deckhouse/dmt/internal/manager/manager.go:125.62,126.16 1 0
github.com/deckhouse/dmt/internal/manager/manager.go:126.16,128.3 1 0
github.com/deckhouse/dmt/internal/manager/manager.go:130.2,131.16 2 0
github.com/deckhouse/dmt/internal/manager/manager.go:131.16,133.3 1 0
github.com/deckhouse/dmt/internal/manager/manager.go:135.2,135.45 1 0
github.com/deckhouse/dmt/internal/manager/manager.go:138.25,142.35 3 0
github.com/deckhouse/dmt/internal/manager/manager.go:142.35,146.13 3 0
github.com/deckhouse/dmt/internal/manager/manager.go:146.13,147.17 1 0
github.com/deckhouse/dmt/internal/manager/manager.go:147.17,150.5 2 0
github.com/deckhouse/dmt/internal/manager/manager.go:152.4,154.83 2 0
github.com/deckhouse/dmt/internal/manager/manager.go:154.83,155.68 1 0
github.com/deckhouse/dmt/internal/manager/manager.go:155.68,156.14 1 0
github.com/deckhouse/dmt/internal/manager/manager.go:159.5,161.23 2 0
github.com/deckhouse/dmt/internal/manager/manager.go:166.2,166.11 1 0
github.com/deckhouse/dmt/internal/manager/manager.go:169.97,180.2 1 0
github.com/deckhouse/dmt/internal/manager/manager.go:182.33,185.20 2 0
github.com/deckhouse/dmt/internal/manager/manager.go:185.20,187.3 1 0
github.com/deckhouse/dmt/internal/manager/manager.go:189.2,189.55 1 0
github.com/deckhouse/dmt/internal/manager/manager.go:189.55,195.3 1 0
github.com/deckhouse/dmt/internal/manager/manager.go:197.2,204.24 5 0
github.com/deckhouse/dmt/internal/manager/manager.go:204.24,209.28 3 0
github.com/deckhouse/dmt/internal/manager/manager.go:209.28,211.4 1 0
github.com/deckhouse/dmt/internal/manager/manager.go:213.3,219.23 4 0
github.com/deckhouse/dmt/internal/manager/manager.go:219.23,221.4 1 0
github.com/deckhouse/dmt/internal/manager/manager.go:223.3,230.57 4 0
github.com/deckhouse/dmt/internal/manager/manager.go:230.57,232.4 1 0
github.com/deckhouse/dmt/internal/manager/manager.go:234.3,234.29 1 0
github.com/deckhouse/dmt/internal/manager/manager.go:234.29,238.4 2 0
github.com/deckhouse/dmt/internal/manager/manager.go:240.3,240.25 1 0
github.com/deckhouse/dmt/internal/manager/manager.go:240.25,242.4 1 0
github.com/deckhouse/dmt/internal/manager/manager.go:244.3,244.26 1 0
github.com/deckhouse/dmt/internal/manager/manager.go:244.26,246.4 1 0
github.com/deckhouse/dmt/internal/manager/manager.go:248.3,250.12 2 0
github.com/deckhouse/dmt/internal/manager/manager.go:253.2,253.27 1 0
github.com/deckhouse/dmt/internal/manager/manager.go:256.44,258.2 1 0
github.com/deckhouse/dmt/internal/manager/manager.go:260.49,263.2 2 0
github.com/deckhouse/dmt/internal/manager/manager.go:267.58,271.88 2 0
github.com/deckhouse/dmt/internal/manager/manager.go:271.88,272.17 1 0
github.com/deckhouse/dmt/internal/manager/manager.go:272.17,274.4 1 0
github.com/deckhouse/dmt/internal/manager/manager.go:277.3,277.20 1 0
github.com/deckhouse/dmt/internal/manager/manager.go:277.20,279.4 1 0
github.com/deckhouse/dmt/internal/manager/manager.go:282.3,286.47 1 0
github.com/deckhouse/dmt/internal/manager/manager.go:286.47,288.4 1 0
github.com/deckhouse/dmt/internal/manager/manager.go:290.3,290.13 1 0
github.com/deckhouse/dmt/internal/manager/manager.go:293.2,293.16 1 0
github.com/deckhouse/dmt/internal/manager/manager.go:293.16,295.3 1 0
github.com/deckhouse/dmt/internal/manager/manager.go:297.2,297.23 1 0
github.com/deckhouse/dmt/internal/manager/manager.go:301.41,313.34 5 0
github.com/deckhouse/dmt/internal/manager/manager.go:313.34,315.3 1 0
github.com/deckhouse/dmt/internal/manager/manager.go:317.2,317.19 1 0
github.com/deckhouse/dmt/internal/manager/manager.go:320.42,321.6 1 0
github.com/deckhouse/dmt/internal/manager/manager.go:321.6,325.81 1 0
github.com/deckhouse/dmt/internal/manager/manager.go:325.81,327.4 1 0
github.com/deckhouse/dmt/internal/manager/manager.go:328.3,329.36 2 0
github.com/deckhouse/dmt/internal/manager/manager.go:329.36,330.9 1 0
github.com/deckhouse/dmt/internal/manager/manager.go:333.3,333.15 1 0
github.com/deckhouse/dmt/internal/manager/manager.go:336.2,336.11 1 0
github.com/deckhouse/dmt/internal/manager/validate.go:13.53,18.16 4 1
github.com/deckhouse/dmt/internal/manager/validate.go:18.16,22.3 3 0
github.com/deckhouse/dmt/internal/manager/validate.go:23.2,24.16 2 1
github.com/deckhouse/dmt/internal/manager/validate.go:24.16,28.3 3 0
github.com/deckhouse/dmt/internal/manager/validate.go:29.2,29.26 1 1
github.com/deckhouse/dmt/internal/manager/validate.go:29.26,30.31 1 1
github.com/deckhouse/dmt/internal/manager/validate.go:30.31,34.4 3 0
github.com/deckhouse/dmt/internal/manager/validate.go:35.3,35.34 1 1
github.com/deckhouse/dmt/internal/manager/validate.go:35.34,39.4 3 0
github.com/deckhouse/dmt/internal/manager/validate.go:41.2,41.27 1 1
github.com/deckhouse/dmt/internal/manager/validate.go:41.27,42.32 1 1
github.com/deckhouse/dmt/internal/manager/validate.go:42.32,44.4 1 0
github.com/deckhouse/dmt/internal/manager/validate.go:45.3,45.37 1 1
github.com/deckhouse/dmt/internal/manager/validate.go:45.37,47.4 1 0
github.com/deckhouse/dmt/internal/manager/validate.go:50.2,52.45 1 1
github.com/deckhouse/dmt/internal/manager/validate.go:52.45,56.3 3 0
github.com/deckhouse/dmt/internal/manager/validate.go:58.2,59.46 2 1
github.com/deckhouse/dmt/internal/manager/validate.go:59.46,63.3 3 0
github.com/deckhouse/dmt/internal/manager/validate.go:65.2,65.79 1 1
github.com/deckhouse/dmt/internal/manager/validate.go:65.79,69.3 3 0
github.com/deckhouse/dmt/internal/manager/validate.go:71.2,71.49 1 1
github.com/deckhouse/dmt/internal/manager/validate.go:71.49,74.3 2 0
github.com/deckhouse/dmt/internal/manager/validate.go:76.2,76.13 1 1
github.com/deckhouse/dmt/internal/manager/validate.go:79.39,81.16 2 1
github.com/deckhouse/dmt/internal/manager/validate.go:81.16,83.3 1 1
github.com/deckhouse/dmt/internal/manager/validate.go:84.2,84.43 1 1
github.com/deckhouse/dmt/internal/manager/validate.go:87.44,89.47 2 1
github.com/deckhouse/dmt/internal/manager/validate.go:89.47,90.37 1 1
github.com/deckhouse/dmt/internal/manager/validate.go:90.37,92.4 1 1
github.com/deckhouse/dmt/internal/manager/validate.go:93.3,93.61 1 0
github.com/deckhouse/dmt/internal/manager/validate.go:96.2,97.77 2 1
github.com/deckhouse/dmt/internal/manager/validate.go:97.77,98.37 1 1
github.com/deckhouse/dmt/internal/manager/validate.go:98.37,100.4 1 1
github.com/deckhouse/dmt/internal/manager/validate.go:100.9,102.4 1 0
github.com/deckhouse/dmt/internal/manager/validate.go:105.2,105.84 1 1
github.com/deckhouse/dmt/internal/manager/validate.go:105.84,106.37 1 1
github.com/deckhouse/dmt/internal/manager/validate.go:106.37,108.4 1 1
github.com/deckhouse/dmt/internal/manager/validate.go:108.9,110.4 1 0
github.com/deckhouse/dmt/internal/manager/validate.go:113.2,113.13 1 1
github.com/deckhouse/dmt/internal/module/schema/additional-properties.go:10.82,11.14 1 0
github.com/deckhouse/dmt/internal/module/schema/additional-properties.go:11.14,13.3 1 0
github.com/deckhouse/dmt/internal/module/schema/additional-properties.go:15.2,15.35 1 0
github.com/deckhouse/dmt/internal/module/schema/additional-properties.go:15.35,19.3 1 0
github.com/deckhouse/dmt/internal/module/schema/additional-properties.go:21.2,21.30 1 0
github.com/deckhouse/dmt/internal/module/schema/additional-properties.go:21.30,23.39 2 0
github.com/deckhouse/dmt/internal/module/schema/additional-properties.go:23.39,28.4 2 0
github.com/deckhouse/dmt/internal/module/schema/additional-properties.go:31.2,31.20 1 0
github.com/deckhouse/dmt/internal/module/schema/additional-properties.go:31.20,32.28 1 0
github.com/deckhouse/dmt/internal/module/schema/additional-properties.go:32.28,34.4 1 0
github.com/deckhouse/dmt/internal/module/schema/additional-properties.go:35.3,35.34 1 0
github.com/deckhouse/dmt/internal/module/schema/additional-properties.go:35.34,37.4 1 0
github.com/deckhouse/dmt/internal/module/schema/additional-properties.go:40.2,40.10 1 0
github.com/deckhouse/dmt/internal/module/schema/copy.go:7.64,12.2 4 0
github.com/deckhouse/dmt/internal/module/schema/extend.go:21.68,22.21 1 0
github.com/deckhouse/dmt/internal/module/schema/extend.go:22.21,24.3 1 0
github.com/deckhouse/dmt/internal/module/schema/extend.go:26.2,28.59 2 0
github.com/deckhouse/dmt/internal/module/schema/extend.go:28.59,30.3 1 0
github.com/deckhouse/dmt/internal/module/schema/extend.go:34.2,42.10 8 0
github.com/deckhouse/dmt/internal/module/schema/extend.go:45.60,46.14 1 0
github.com/deckhouse/dmt/internal/module/schema/extend.go:46.14,48.3 1 0
github.com/deckhouse/dmt/internal/module/schema/extend.go:50.2,51.9 2 0
github.com/deckhouse/dmt/internal/module/schema/extend.go:51.9,53.3 1 0
github.com/deckhouse/dmt/internal/module/schema/extend.go:55.2,55.30 1 0
github.com/deckhouse/dmt/internal/module/schema/extend.go:55.30,57.3 1 0
github.com/deckhouse/dmt/internal/module/schema/extend.go:59.2,64.12 4 0
github.com/deckhouse/dmt/internal/module/schema/extend.go:67.53,71.39 3 0
github.com/deckhouse/dmt/internal/module/schema/extend.go:71.39,74.3 2 0
github.com/deckhouse/dmt/internal/module/schema/extend.go:76.2,76.34 1 0
github.com/deckhouse/dmt/internal/module/schema/extend.go:76.34,77.33 1 0
github.com/deckhouse/dmt/internal/module/schema/extend.go:77.33,79.4 1 0
github.com/deckhouse/dmt/internal/module/schema/extend.go:82.2,82.12 1 0
github.com/deckhouse/dmt/internal/module/schema/extend.go:85.69,92.2 4 0
github.com/deckhouse/dmt/internal/module/schema/extend.go:94.76,101.2 4 0
github.com/deckhouse/dmt/internal/module/schema/extend.go:103.64,110.2 4 0
github.com/deckhouse/dmt/internal/module/schema/extend.go:112.62,115.38 2 0
github.com/deckhouse/dmt/internal/module/schema/extend.go:115.38,117.3 1 0
github.com/deckhouse/dmt/internal/module/schema/extend.go:118.2,118.33 1 0
github.com/deckhouse/dmt/internal/module/schema/extend.go:118.33,120.3 1 0
github.com/deckhouse/dmt/internal/module/schema/extend.go:122.2,122.12 1 0
github.com/deckhouse/dmt/internal/module/schema/extend.go:125.48,126.19 1 0
github.com/deckhouse/dmt/internal/module/schema/extend.go:126.19,128.3 1 0
github.com/deckhouse/dmt/internal/module/schema/extend.go:129.2,129.21 1 0
github.com/deckhouse/dmt/internal/module/schema/extend.go:132.54,133.25 1 0
github.com/deckhouse/dmt/internal/module/schema/extend.go:133.25,135.3 1 0
github.com/deckhouse/dmt/internal/module/schema/extend.go:136.2,136.27 1 0
github.com/deckhouse/dmt/internal/module/schema/required-for-helm.go:11.75,12.14 1 0
github.com/deckhouse/dmt/internal/module/schema/required-for-helm.go:12.14,14.3 1 0
github.com/deckhouse/dmt/internal/module/schema/required-for-helm.go:16.2,20.10 3 0
github.com/deckhouse/dmt/internal/module/schema/required-for-helm.go:23.54,24.23 1 0
github.com/deckhouse/dmt/internal/module/schema/required-for-helm.go:24.23,28.3 3 0
github.com/deckhouse/dmt/internal/module/schema/required-for-helm.go:31.46,34.27 3 0
github.com/deckhouse/dmt/internal/module/schema/required-for-helm.go:34.27,37.3 2 0
github.com/deckhouse/dmt/internal/module/schema/required-for-helm.go:38.2,38.27 1 0
github.com/deckhouse/dmt/internal/module/schema/required-for-helm.go:38.27,39.28 1 0
github.com/deckhouse/dmt/internal/module/schema/required-for-helm.go:39.28,41.4 1 0
github.com/deckhouse/dmt/internal/module/schema/required-for-helm.go:43.2,43.12 1 0
github.com/deckhouse/dmt/internal/module/schema/required-for-helm.go:46.75,49.15 3 0
github.com/deckhouse/dmt/internal/module/schema/required-for-helm.go:49.15,51.3 1 0
github.com/deckhouse/dmt/internal/module/schema/required-for-helm.go:52.2,53.8 2 0
github.com/deckhouse/dmt/internal/module/schema/required-for-helm.go:53.8,55.3 1 0
github.com/deckhouse/dmt/internal/module/schema/required-for-helm.go:55.8,57.3 1 0
github.com/deckhouse/dmt/internal/module/schema/required-for-helm.go:59.2,59.42 1 0
github.com/deckhouse/dmt/internal/module/schema/transform.go:9.86,10.43 1 0
github.com/deckhouse/dmt/internal/module/schema/transform.go:10.43,12.3 1 0
github.com/deckhouse/dmt/internal/module/schema/transform.go:13.2,13.10 1 0
github.com/deckhouse/dmt/internal/promremote/convert.go:26.70,29.16 3 0
github.com/deckhouse/dmt/internal/promremote/convert.go:29.16,31.3 1 0
github.com/deckhouse/dmt/internal/promremote/convert.go:33.2,37.45 2 0
github.com/deckhouse/dmt/internal/promremote/convert.go:37.45,42.3 1 0
github.com/deckhouse/dmt/internal/promremote/convert.go:44.2,47.28 3 0
github.com/deckhouse/dmt/internal/promremote/convert.go:47.28,49.3 1 0
github.com/deckhouse/dmt/internal/promremote/convert.go:49.8,49.37 1 0
github.com/deckhouse/dmt/internal/promremote/convert.go:49.37,51.3 1 0
github.com/deckhouse/dmt/internal/promremote/convert.go:51.8,51.37 1 0
github.com/deckhouse/dmt/internal/promremote/convert.go:51.37,53.3 1 0
github.com/deckhouse/dmt/internal/promremote/convert.go:55.2,55.34 1 0
github.com/deckhouse/dmt/internal/promremote/convert.go:55.34,57.3 1 0
github.com/deckhouse/dmt/internal/promremote/convert.go:57.8,59.3 1 0
github.com/deckhouse/dmt/internal/promremote/convert.go:61.2,67.3 1 0
github.com/deckhouse/dmt/internal/promremote/promremote.go:86.43,87.30 1 0
github.com/deckhouse/dmt/internal/promremote/promremote.go:87.30,89.3 1 0
github.com/deckhouse/dmt/internal/promremote/promremote.go:91.2,100.3 2 0
github.com/deckhouse/dmt/internal/promremote/promremote.go:107.29,109.2 1 0
github.com/deckhouse/dmt/internal/promremote/promremote.go:115.29,118.16 3 0
github.com/deckhouse/dmt/internal/promremote/promremote.go:118.16,120.3 1 0
github.com/deckhouse/dmt/internal/promremote/promremote.go:122.2,126.16 4 0
github.com/deckhouse/dmt/internal/promremote/promremote.go:126.16,128.3 1 0
github.com/deckhouse/dmt/internal/promremote/promremote.go:130.2,136.25 6 0
github.com/deckhouse/dmt/internal/promremote/promremote.go:136.25,137.34 1 0
github.com/deckhouse/dmt/internal/promremote/promremote.go:137.34,139.4 1 0
github.com/deckhouse/dmt/internal/promremote/promremote.go:142.2,143.16 2 0
github.com/deckhouse/dmt/internal/promremote/promremote.go:143.16,145.3 1 0
github.com/deckhouse/dmt/internal/promremote/promremote.go:147.2,151.32 3 0
github.com/deckhouse/dmt/internal/promremote/promremote.go:151.32,158.17 3 0
github.com/deckhouse/dmt/internal/promremote/promremote.go:158.17,161.4 2 0
github.com/deckhouse/dmt/internal/promremote/promremote.go:163.3,164.26 2 0
github.com/deckhouse/dmt/internal/promremote/promremote.go:167.2,167.20 1 0
github.com/deckhouse/dmt/internal/promremote/promremote.go:171.59,174.23 2 0
github.com/deckhouse/dmt/internal/promremote/promremote.go:174.23,176.35 2 0
github.com/deckhouse/dmt/internal/promremote/promremote.go:176.35,178.4 1 0
github.com/deckhouse/dmt/internal/promremote/promremote.go:180.3,185.65 2 0
github.com/deckhouse/dmt/internal/promremote/promremote.go:188.2,190.3 1 0
github.com/deckhouse/dmt/internal/promremote/promremote.go:198.36,200.2 1 0
github.com/deckhouse/dmt/internal/promremote/promremote.go:204.38,206.2 1 0
github.com/deckhouse/dmt/internal/promtool/rulefmt/rulefmt.go:44.34,45.24 1 0
github.com/deckhouse/dmt/internal/promtool/rulefmt/rulefmt.go:45.24,47.3 1 0
github.com/deckhouse/dmt/internal/promtool/rulefmt/rulefmt.go:48.2,48.28 1 0
github.com/deckhouse/dmt/internal/promtool/rulefmt/rulefmt.go:48.28,50.3 1 0
github.com/deckhouse/dmt/internal/promtool/rulefmt/rulefmt.go:51.2,51.25 1 0
github.com/deckhouse/dmt/internal/promtool/rulefmt/rulefmt.go:51.25,53.3 1 0
github.com/deckhouse/dmt/internal/promtool/rulefmt/rulefmt.go:54.2,54.97 1 0
github.com/deckhouse/dmt/internal/promtool/rulefmt/rulefmt.go:58.34,60.2 1 0
github.com/deckhouse/dmt/internal/promtool/rulefmt/rulefmt.go:71.40,72.19 1 0
github.com/deckhouse/dmt/internal/promtool/rulefmt/rulefmt.go:72.19,74.3 1 0
github.com/deckhouse/dmt/internal/promtool/rulefmt/rulefmt.go:75.2,75.23 1 0
github.com/deckhouse/dmt/internal/promtool/rulefmt/rulefmt.go:75.23,77.3 1 0
github.com/deckhouse/dmt/internal/promtool/rulefmt/rulefmt.go:78.2,78.20 1 0
github.com/deckhouse/dmt/internal/promtool/rulefmt/rulefmt.go:78.20,80.3 1 0
github.com/deckhouse/dmt/internal/promtool/rulefmt/rulefmt.go:81.2,81.23 1 0
github.com/deckhouse/dmt/internal/promtool/rulefmt/rulefmt.go:85.40,87.2 1 0
github.com/deckhouse/dmt/internal/promtool/rulefmt/rulefmt.go:101.63,104.29 2 0
github.com/deckhouse/dmt/internal/promtool/rulefmt/rulefmt.go:104.29,105.19 1 0
github.com/deckhouse/dmt/internal/promtool/rulefmt/rulefmt.go:105.19,107.4 1 0
github.com/deckhouse/dmt/internal/promtool/rulefmt/rulefmt.go:109.3,109.31 1 0
github.com/deckhouse/dmt/internal/promtool/rulefmt/rulefmt.go:109.31,114.4 1 0
github.com/deckhouse/dmt/internal/promtool/rulefmt/rulefmt.go:116.3,116.30 1 0
github.com/deckhouse/dmt/internal/promtool/rulefmt/rulefmt.go:116.30,117.67 1 0
github.com/deckhouse/dmt/internal/promtool/rulefmt/rulefmt.go:117.67,121.5 1 0
github.com/deckhouse/dmt/internal/promtool/rulefmt/rulefmt.go:123.4,123.38 1 0
github.com/deckhouse/dmt/internal/promtool/rulefmt/rulefmt.go:123.38,127.5 1 0
github.com/deckhouse/dmt/internal/promtool/rulefmt/rulefmt.go:130.3,132.29 2 0
github.com/deckhouse/dmt/internal/promtool/rulefmt/rulefmt.go:132.29,133.61 1 0
github.com/deckhouse/dmt/internal/promtool/rulefmt/rulefmt.go:133.61,135.22 2 0
github.com/deckhouse/dmt/internal/promtool/rulefmt/rulefmt.go:135.22,137.6 1 0
github.com/deckhouse/dmt/internal/promtool/rulefmt/rulefmt.go:137.11,139.6 1 0
github.com/deckhouse/dmt/internal/promtool/rulefmt/rulefmt.go:140.5,145.7 1 0
github.com/deckhouse/dmt/internal/promtool/rulefmt/rulefmt.go:150.2,150.13 1 0
github.com/deckhouse/dmt/internal/promtool/rulefmt/rulefmt.go:199.63,200.37 1 0
github.com/deckhouse/dmt/internal/promtool/rulefmt/rulefmt.go:200.37,206.3 1 0
github.com/deckhouse/dmt/internal/promtool/rulefmt/rulefmt.go:207.2,207.37 1 0
github.com/deckhouse/dmt/internal/promtool/rulefmt/rulefmt.go:207.37,213.3 1 0
github.com/deckhouse/dmt/internal/promtool/rulefmt/rulefmt.go:215.2,215.18 1 0
github.com/deckhouse/dmt/internal/promtool/rulefmt/rulefmt.go:215.18,220.3 1 0
github.com/deckhouse/dmt/internal/promtool/rulefmt/rulefmt.go:220.8,220.59 1 0
github.com/deckhouse/dmt/internal/promtool/rulefmt/rulefmt.go:220.59,225.3 1 0
github.com/deckhouse/dmt/internal/promtool/rulefmt/rulefmt.go:226.2,226.20 1 0
github.com/deckhouse/dmt/internal/promtool/rulefmt/rulefmt.go:226.20,227.29 1 0
github.com/deckhouse/dmt/internal/promtool/rulefmt/rulefmt.go:227.29,232.4 1 0
github.com/deckhouse/dmt/internal/promtool/rulefmt/rulefmt.go:233.3,233.17 1 0
github.com/deckhouse/dmt/internal/promtool/rulefmt/rulefmt.go:233.17,238.4 1 0
github.com/deckhouse/dmt/internal/promtool/rulefmt/rulefmt.go:239.3,239.27 1 0
github.com/deckhouse/dmt/internal/promtool/rulefmt/rulefmt.go:239.27,244.4 1 0
github.com/deckhouse/dmt/internal/promtool/rulefmt/rulefmt.go:245.3,245.59 1 0
github.com/deckhouse/dmt/internal/promtool/rulefmt/rulefmt.go:245.59,250.4 1 0
github.com/deckhouse/dmt/internal/promtool/rulefmt/rulefmt.go:253.3,253.73 1 0
github.com/deckhouse/dmt/internal/promtool/rulefmt/rulefmt.go:253.73,258.4 1 0
github.com/deckhouse/dmt/internal/promtool/rulefmt/rulefmt.go:261.2,261.29 1 0
github.com/deckhouse/dmt/internal/promtool/rulefmt/rulefmt.go:261.29,262.66 1 0
github.com/deckhouse/dmt/internal/promtool/rulefmt/rulefmt.go:262.66,266.4 1 0
github.com/deckhouse/dmt/internal/promtool/rulefmt/rulefmt.go:268.3,268.37 1 0
github.com/deckhouse/dmt/internal/promtool/rulefmt/rulefmt.go:268.37,272.4 1 0
github.com/deckhouse/dmt/internal/promtool/rulefmt/rulefmt.go:275.2,275.31 1 0
github.com/deckhouse/dmt/internal/promtool/rulefmt/rulefmt.go:275.31,276.36 1 0
github.com/deckhouse/dmt/internal/promtool/rulefmt/rulefmt.go:276.36,280.4 1 0
github.com/deckhouse/dmt/internal/promtool/rulefmt/rulefmt.go:283.2,283.45 1 0
github.com/deckhouse/dmt/internal/promtool/rulefmt/rulefmt.go:283.45,285.3 1 0
github.com/deckhouse/dmt/internal/promtool/rulefmt/rulefmt.go:287.2,287.14 1 0
github.com/deckhouse/dmt/internal/promtool/rulefmt/rulefmt.go:294.51,295.20 1 0
github.com/deckhouse/dmt/internal/promtool/rulefmt/rulefmt.go:295.20,298.3 1 0
github.com/deckhouse/dmt/internal/promtool/rulefmt/rulefmt.go:301.2,308.39 3 0
github.com/deckhouse/dmt/internal/promtool/rulefmt/rulefmt.go:308.39,320.3 2 0
github.com/deckhouse/dmt/internal/promtool/rulefmt/rulefmt.go:323.2,323.32 1 0
github.com/deckhouse/dmt/internal/promtool/rulefmt/rulefmt.go:323.32,325.17 2 0
github.com/deckhouse/dmt/internal/promtool/rulefmt/rulefmt.go:325.17,327.4 1 0
github.com/deckhouse/dmt/internal/promtool/rulefmt/rulefmt.go:331.2,331.37 1 0
github.com/deckhouse/dmt/internal/promtool/rulefmt/rulefmt.go:331.37,333.17 2 0
github.com/deckhouse/dmt/internal/promtool/rulefmt/rulefmt.go:333.17,335.4 1 0
github.com/deckhouse/dmt/internal/promtool/rulefmt/rulefmt.go:338.2,338.13 1 0
github.com/deckhouse/dmt/internal/promtool/rulefmt/rulefmt.go:342.77,350.26 3 0
github.com/deckhouse/dmt/internal/promtool/rulefmt/rulefmt.go:350.26,352.3 1 0
github.com/deckhouse/dmt/internal/promtool/rulefmt/rulefmt.go:353.2,355.43 2 0
github.com/deckhouse/dmt/internal/promtool/rulefmt/rulefmt.go:355.43,357.3 1 0
github.com/deckhouse/dmt/internal/promtool/rulefmt/rulefmt.go:358.2,359.16 2 0
github.com/deckhouse/dmt/internal/promtool/rulefmt/rulefmt.go:359.16,361.3 1 0
github.com/deckhouse/dmt/internal/promtool/rulefmt/rulefmt.go:363.2,363.19 1 0
github.com/deckhouse/dmt/internal/promtool/rulefmt/rulefmt.go:363.19,365.3 1 0
github.com/deckhouse/dmt/internal/promtool/rulefmt/rulefmt.go:367.2,367.39 1 0
github.com/deckhouse/dmt/internal/promtool/rulefmt/rulefmt.go:371.78,373.16 2 0
github.com/deckhouse/dmt/internal/promtool/rulefmt/rulefmt.go:373.16,375.3 1 0
github.com/deckhouse/dmt/internal/promtool/rulefmt/rulefmt.go:376.2,377.22 2 0
github.com/deckhouse/dmt/internal/promtool/rulefmt/rulefmt.go:377.22,379.3 1 0
github.com/deckhouse/dmt/internal/promtool/rulefmt/rulefmt.go:380.2,380.18 1 0
github.com/deckhouse/dmt/pkg/level.go:39.43,41.9 2 0
github.com/deckhouse/dmt/pkg/level.go:41.9,43.3 1 0
github.com/deckhouse/dmt/pkg/level.go:45.2,45.12 1 0
github.com/deckhouse/dmt/pkg/level.go:48.32,50.9 2 0
github.com/deckhouse/dmt/pkg/level.go:50.9,52.3 1 0
github.com/deckhouse/dmt/pkg/level.go:54.2,54.12 1 0
github.com/deckhouse/dmt/pkg/rule.go:31.37,33.2 1 0
github.com/deckhouse/dmt/pkg/rule.go:39.35,41.2 1 0
github.com/deckhouse/dmt/pkg/rule.go:47.47,48.38 1 0
github.com/deckhouse/dmt/pkg/rule.go:48.38,49.25 1 0
github.com/deckhouse/dmt/pkg/rule.go:49.25,51.4 1 0
github.com/deckhouse/dmt/pkg/rule.go:54.2,54.13 1 0
github.com/deckhouse/dmt/pkg/rule.go:61.47,62.38 1 0
github.com/deckhouse/dmt/pkg/rule.go:62.38,63.25 1 0
github.com/deckhouse/dmt/pkg/rule.go:63.25,65.4 1 0
github.com/deckhouse/dmt/pkg/rule.go:68.2,68.13 1 0
github.com/deckhouse/dmt/pkg/rule.go:75.52,76.38 1 0
github.com/deckhouse/dmt/pkg/rule.go:76.38,77.32 1 0
github.com/deckhouse/dmt/pkg/rule.go:77.32,79.4 1 0
github.com/deckhouse/dmt/pkg/rule.go:82.2,82.13 1 0
github.com/deckhouse/dmt/pkg/rule.go:89.95,90.38 1 0
github.com/deckhouse/dmt/pkg/rule.go:90.38,91.39 1 0
github.com/deckhouse/dmt/pkg/rule.go:91.39,93.4 1 0
github.com/deckhouse/dmt/pkg/rule.go:96.2,96.13 1 0
github.com/deckhouse/dmt/pkg/rule.go:101.53,103.2 1 0
github.com/deckhouse/dmt/pkg/rule.go:107.53,109.2 1 0
github.com/deckhouse/dmt/pkg/rule.go:115.59,116.38 1 0
github.com/deckhouse/dmt/pkg/rule.go:116.38,117.32 1 0
github.com/deckhouse/dmt/pkg/rule.go:117.32,119.4 1 0
github.com/deckhouse/dmt/pkg/rule.go:122.2,122.13 1 0
github.com/deckhouse/dmt/pkg/rule.go:130.62,132.18 1 0
github.com/deckhouse/dmt/pkg/rule.go:132.18,134.3 1 0
github.com/deckhouse/dmt/pkg/rule.go:136.2,136.13 1 0
github.com/deckhouse/dmt/pkg/rule.go:144.59,146.18 1 0
github.com/deckhouse/dmt/pkg/rule.go:146.18,148.3 1 0
github.com/deckhouse/dmt/pkg/rule.go:150.2,150.13 1 0
github.com/deckhouse/dmt/pkg/rule.go:159.102,162.56 1 0
github.com/deckhouse/dmt/pkg/rule.go:162.56,164.3 1 0
github.com/deckhouse/dmt/pkg/rule.go:166.2,166.13 1 0
github.com/deckhouse/dmt/pkg/rule.go:174.46,175.44 1 0
github.com/deckhouse/dmt/pkg/rule.go:175.44,176.26 1 0
github.com/deckhouse/dmt/pkg/rule.go:176.26,178.4 1 0
github.com/deckhouse/dmt/pkg/rule.go:181.2,181.44 1 0
github.com/deckhouse/dmt/pkg/rule.go:181.44,182.26 1 0
github.com/deckhouse/dmt/pkg/rule.go:182.26,184.4 1 0
github.com/deckhouse/dmt/pkg/rule.go:187.2,187.13 1 0
github.com/deckhouse/dmt/pkg/config/config.go:33.54,34.18 1 0
github.com/deckhouse/dmt/pkg/config/config.go:34.18,36.3 1 0
github.com/deckhouse/dmt/pkg/config/config.go:38.2,38.14 1 0
github.com/deckhouse/dmt/pkg/config/config.go:38.14,40.3 1 0
github.com/deckhouse/dmt/pkg/config/config.go:42.2,44.13 2 0
github.com/deckhouse/dmt/pkg/config/config.go:47.60,50.51 2 0
github.com/deckhouse/dmt/pkg/config/config.go:50.51,52.3 1 0
github.com/deckhouse/dmt/pkg/config/config.go:54.2,54.17 1 0
github.com/deckhouse/dmt/pkg/config/linters_settings.go:35.63,44.2 8 0
github.com/deckhouse/dmt/pkg/config/linters_settings.go:180.64,183.21 2 0
github.com/deckhouse/dmt/pkg/config/linters_settings.go:183.21,185.3 1 0
github.com/deckhouse/dmt/pkg/config/linters_settings.go:187.2,187.15 1 0
github.com/deckhouse/dmt/pkg/config/linters_settings.go:192.62,195.21 2 0
github.com/deckhouse/dmt/pkg/config/linters_settings.go:195.21,197.3 1 0
github.com/deckhouse/dmt/pkg/config/linters_settings.go:199.2,199.15 1 0
github.com/deckhouse/dmt/pkg/config/linters_settings.go:204.62,207.21 2 0
github.com/deckhouse/dmt/pkg/config/linters_settings.go:207.21,209.3 1 0
github.com/deckhouse/dmt/pkg/config/linters_settings.go:211.2,211.15 1 0
github.com/deckhouse/dmt/pkg/config/linters_settings.go:216.58,219.21 2 0
github.com/deckhouse/dmt/pkg/config/linters_settings.go:219.21,221.3 1 0
github.com/deckhouse/dmt/pkg/config/linters_settings.go:223.2,223.15 1 0
github.com/deckhouse/dmt/pkg/config/linters_settings.go:228.68,231.21 2 0
github.com/deckhouse/dmt/pkg/config/linters_settings.go:231.21,233.3 1 0
github.com/deckhouse/dmt/pkg/config/linters_settings.go:235.2,235.15 1 0
github.com/deckhouse/dmt/pkg/config/linters_settings.go:254.72,259.2 1 0
github.com/deckhouse/dmt/pkg/config/linters_settings.go:261.85,266.2 1 0
github.com/deckhouse/dmt/pkg/config/linters_settings.go:268.87,274.2 1 0
github.com/deckhouse/dmt/pkg/config/loader.go:48.45,54.2 1 0
github.com/deckhouse/dmt/pkg/config/loader.go:56.31,58.16 2 0
github.com/deckhouse/dmt/pkg/config/loader.go:58.16,60.3 1 0
github.com/deckhouse/dmt/pkg/config/loader.go:62.2,63.16 2 0
github.com/deckhouse/dmt/pkg/config/loader.go:63.16,65.3 1 0
github.com/deckhouse/dmt/pkg/config/loader.go:67.2,67.12 1 0
github.com/deckhouse/dmt/pkg/config/loader.go:70.40,77.38 4 0
github.com/deckhouse/dmt/pkg/config/loader.go:77.38,79.3 1 0
github.com/deckhouse/dmt/pkg/config/loader.go:81.2,81.12 1 0
github.com/deckhouse/dmt/pkg/config/loader.go:84.50,86.17 2 0
github.com/deckhouse/dmt/pkg/config/loader.go:86.17,88.3 1 0
github.com/deckhouse/dmt/pkg/config/loader.go:90.2,91.16 2 0
github.com/deckhouse/dmt/pkg/config/loader.go:91.16,94.3 2 0
github.com/deckhouse/dmt/pkg/config/loader.go:97.2,98.28 2 0
github.com/deckhouse/dmt/pkg/config/loader.go:98.28,100.3 1 0
github.com/deckhouse/dmt/pkg/config/loader.go:100.8,102.3 1 0
github.com/deckhouse/dmt/pkg/config/loader.go:105.2,107.6 2 0
github.com/deckhouse/dmt/pkg/config/loader.go:107.6,111.43 3 0
github.com/deckhouse/dmt/pkg/config/loader.go:111.43,112.9 1 0
github.com/deckhouse/dmt/pkg/config/loader.go:115.3,115.22 1 0
github.com/deckhouse/dmt/pkg/config/loader.go:119.2,119.44 1 0
github.com/deckhouse/dmt/pkg/config/loader.go:119.44,121.3 1 0
github.com/deckhouse/dmt/pkg/config/loader.go:121.8,121.48 1 0
github.com/deckhouse/dmt/pkg/config/loader.go:121.48,123.3 1 0
github.com/deckhouse/dmt/pkg/config/loader.go:125.2,125.20 1 0
github.com/deckhouse/dmt/pkg/config/loader.go:128.38,129.47 1 0
github.com/deckhouse/dmt/pkg/config/loader.go:129.47,131.47 2 0
github.com/deckhouse/dmt/pkg/config/loader.go:131.47,134.18 2 0
github.com/deckhouse/dmt/pkg/config/loader.go:134.18,136.5 1 0
github.com/deckhouse/dmt/pkg/config/loader.go:138.4,138.14 1 0
github.com/deckhouse/dmt/pkg/config/loader.go:141.3,141.56 1 0
github.com/deckhouse/dmt/pkg/config/loader.go:144.2,145.16 2 0
github.com/deckhouse/dmt/pkg/config/loader.go:145.16,147.3 1 0
github.com/deckhouse/dmt/pkg/config/loader.go:150.2,150.69 1 0
github.com/deckhouse/dmt/pkg/config/loader.go:150.69,152.3 1 0
github.com/deckhouse/dmt/pkg/config/loader.go:154.2,154.12 1 0
github.com/deckhouse/dmt/pkg/config/loader.go:157.39,159.26 2 0
github.com/deckhouse/dmt/pkg/config/loader.go:159.26,161.3 1 0
github.com/deckhouse/dmt/pkg/config/loader.go:163.2,163.39 1 0
github.com/deckhouse/dmt/pkg/config/loader.go:163.39,166.3 2 0
github.com/deckhouse/dmt/pkg/config/loader.go:168.2,170.12 2 0
github.com/deckhouse/dmt/pkg/config/loader.go:173.52,183.2 1 0
github.com/deckhouse/dmt/pkg/config/loader.go:185.62,189.26 1 0
github.com/deckhouse/dmt/pkg/config/loader.go:189.26,190.64 1 0
github.com/deckhouse/dmt/pkg/config/loader.go:190.64,192.4 1 0
github.com/deckhouse/dmt/pkg/config/loader.go:194.3,194.45 1 0
github.com/deckhouse/dmt/pkg/config/loader.go:194.45,196.4 1 0
github.com/deckhouse/dmt/pkg/config/loader.go:198.3,198.52 1 0
github.com/deckhouse/dmt/pkg/config/global/global.go:41.37,43.2 1 0
github.com/deckhouse/dmt/pkg/linters/container/container.go:36.85,43.2 1 0
github.com/deckhouse/dmt/pkg/linters/container/container.go:45.43,46.14 1 0
github.com/deckhouse/dmt/pkg/linters/container/container.go:46.14,48.3 1 0
github.com/deckhouse/dmt/pkg/linters/container/container.go:50.2,51.40 2 0
github.com/deckhouse/dmt/pkg/linters/container/container.go:51.40,53.3 1 0
github.com/deckhouse/dmt/pkg/linters/container/container.go:56.35,58.2 1 0
github.com/deckhouse/dmt/pkg/linters/container/container.go:60.35,62.2 1 0
github.com/deckhouse/dmt/pkg/linters/container/rules.go:27.107,42.35 3 0
github.com/deckhouse/dmt/pkg/linters/container/rules.go:42.35,44.3 1 0
github.com/deckhouse/dmt/pkg/linters/container/rules.go:46.2,47.16 2 0
github.com/deckhouse/dmt/pkg/linters/container/rules.go:47.16,52.3 2 0
github.com/deckhouse/dmt/pkg/linters/container/rules.go:54.2,54.29 1 0
github.com/deckhouse/dmt/pkg/linters/container/rules.go:54.29,56.3 1 0
github.com/deckhouse/dmt/pkg/linters/container/rules.go:58.2,75.38 2 0
github.com/deckhouse/dmt/pkg/linters/container/rules.go:75.38,77.3 1 0
github.com/deckhouse/dmt/pkg/linters/container/rules.go:79.2,80.16 2 0
github.com/deckhouse/dmt/pkg/linters/container/rules.go:80.16,85.3 2 0
github.com/deckhouse/dmt/pkg/linters/container/rules.go:87.2,87.26 1 0
github.com/deckhouse/dmt/pkg/linters/container/rules.go:87.26,89.3 1 0
github.com/deckhouse/dmt/pkg/linters/container/rules.go:91.2,98.45 2 0
github.com/deckhouse/dmt/pkg/linters/container/rules.go:98.45,100.3 1 0
github.com/deckhouse/dmt/pkg/linters/container/rules/api_version.go:29.42,35.2 1 0
github.com/deckhouse/dmt/pkg/linters/container/rules/api_version.go:41.109,46.39 3 0
github.com/deckhouse/dmt/pkg/linters/container/rules/api_version.go:47.66,48.91 1 0
github.com/deckhouse/dmt/pkg/linters/container/rules/api_version.go:49.48,50.70 1 0
github.com/deckhouse/dmt/pkg/linters/container/rules/api_version.go:51.17,52.83 1 0
github.com/deckhouse/dmt/pkg/linters/container/rules/api_version.go:53.23,54.83 1 0
github.com/deckhouse/dmt/pkg/linters/container/rules/api_version.go:55.27,56.77 1 0
github.com/deckhouse/dmt/pkg/linters/container/rules/api_version.go:57.23,58.83 1 0
github.com/deckhouse/dmt/pkg/linters/container/rules/api_version.go:62.96,63.23 1 0
github.com/deckhouse/dmt/pkg/linters/container/rules/api_version.go:63.23,66.3 1 0
github.com/deckhouse/dmt/pkg/linters/container/rules/container_check_read_only_root_filesystem.go:31.115,40.2 1 0
github.com/deckhouse/dmt/pkg/linters/container/rules/container_check_read_only_root_filesystem.go:47.169,50.39 2 0
github.com/deckhouse/dmt/pkg/linters/container/rules/container_check_read_only_root_filesystem.go:51.73,51.73 0 0
github.com/deckhouse/dmt/pkg/linters/container/rules/container_check_read_only_root_filesystem.go:52.10,53.9 1 0
github.com/deckhouse/dmt/pkg/linters/container/rules/container_check_read_only_root_filesystem.go:56.2,56.28 1 0
github.com/deckhouse/dmt/pkg/linters/container/rules/container_check_read_only_root_filesystem.go:56.28,59.28 2 0
github.com/deckhouse/dmt/pkg/linters/container/rules/container_check_read_only_root_filesystem.go:59.28,61.12 1 0
github.com/deckhouse/dmt/pkg/linters/container/rules/container_check_read_only_root_filesystem.go:64.3,64.28 1 0
github.com/deckhouse/dmt/pkg/linters/container/rules/container_check_read_only_root_filesystem.go:64.28,65.12 1 0
github.com/deckhouse/dmt/pkg/linters/container/rules/container_check_read_only_root_filesystem.go:68.3,68.31 1 0
github.com/deckhouse/dmt/pkg/linters/container/rules/container_check_read_only_root_filesystem.go:68.31,72.12 2 0
github.com/deckhouse/dmt/pkg/linters/container/rules/container_check_read_only_root_filesystem.go:75.3,75.54 1 0
github.com/deckhouse/dmt/pkg/linters/container/rules/container_check_read_only_root_filesystem.go:75.54,79.12 2 0
github.com/deckhouse/dmt/pkg/linters/container/rules/container_check_read_only_root_filesystem.go:82.3,82.49 1 0
github.com/deckhouse/dmt/pkg/linters/container/rules/container_check_read_only_root_filesystem.go:82.49,85.4 1 0
github.com/deckhouse/dmt/pkg/linters/container/rules/container_env_variables_duplicates.go:31.66,37.2 1 0
github.com/deckhouse/dmt/pkg/linters/container/rules/container_env_variables_duplicates.go:43.167,46.28 2 0
github.com/deckhouse/dmt/pkg/linters/container/rules/container_env_variables_duplicates.go:46.28,49.56 2 0
github.com/deckhouse/dmt/pkg/linters/container/rules/container_env_variables_duplicates.go:49.56,49.73 1 0
github.com/deckhouse/dmt/pkg/linters/container/rules/container_env_variables_duplicates.go:49.75,53.12 2 0
github.com/deckhouse/dmt/pkg/linters/container/rules/container_host_network_ports.go:31.93,40.2 1 0
github.com/deckhouse/dmt/pkg/linters/container/rules/container_host_network_ports.go:47.152,50.39 2 0
github.com/deckhouse/dmt/pkg/linters/container/rules/container_host_network_ports.go:51.73,51.73 0 0
github.com/deckhouse/dmt/pkg/linters/container/rules/container_host_network_ports.go:52.10,53.9 1 0
github.com/deckhouse/dmt/pkg/linters/container/rules/container_host_network_ports.go:56.2,57.16 2 0
github.com/deckhouse/dmt/pkg/linters/container/rules/container_host_network_ports.go:57.16,62.3 2 0
github.com/deckhouse/dmt/pkg/linters/container/rules/container_host_network_ports.go:64.2,64.28 1 0
github.com/deckhouse/dmt/pkg/linters/container/rules/container_host_network_ports.go:64.28,67.28 2 0
github.com/deckhouse/dmt/pkg/linters/container/rules/container_host_network_ports.go:67.28,69.12 1 0
github.com/deckhouse/dmt/pkg/linters/container/rules/container_host_network_ports.go:72.3,72.32 1 0
github.com/deckhouse/dmt/pkg/linters/container/rules/container_host_network_ports.go:72.32,73.84 1 0
github.com/deckhouse/dmt/pkg/linters/container/rules/container_host_network_ports.go:73.84,76.5 1 0
github.com/deckhouse/dmt/pkg/linters/container/rules/container_host_network_ports.go:78.4,78.77 1 0
github.com/deckhouse/dmt/pkg/linters/container/rules/container_host_network_ports.go:78.77,81.5 1 0
github.com/deckhouse/dmt/pkg/linters/container/rules/container_image_digest_check.go:36.83,45.2 1 0
github.com/deckhouse/dmt/pkg/linters/container/rules/container_image_digest_check.go:52.150,55.28 2 0
github.com/deckhouse/dmt/pkg/linters/container/rules/container_image_digest_check.go:55.28,58.28 2 0
github.com/deckhouse/dmt/pkg/linters/container/rules/container_image_digest_check.go:58.28,60.12 1 0
github.com/deckhouse/dmt/pkg/linters/container/rules/container_image_digest_check.go:63.3,64.22 2 0
github.com/deckhouse/dmt/pkg/linters/container/rules/container_image_digest_check.go:64.22,68.12 2 0
github.com/deckhouse/dmt/pkg/linters/container/rules/container_image_digest_check.go:71.3,72.17 2 0
github.com/deckhouse/dmt/pkg/linters/container/rules/container_image_digest_check.go:72.17,76.12 2 0
github.com/deckhouse/dmt/pkg/linters/container/rules/container_image_digest_check.go:79.3,79.37 1 0
github.com/deckhouse/dmt/pkg/linters/container/rules/container_image_digest_check.go:79.37,83.12 2 0
github.com/deckhouse/dmt/pkg/linters/container/rules/container_image_digest_check.go:88.97,89.38 1 0
github.com/deckhouse/dmt/pkg/linters/container/rules/container_image_digest_check.go:89.38,90.39 1 0
github.com/deckhouse/dmt/pkg/linters/container/rules/container_image_digest_check.go:90.39,92.4 1 0
github.com/deckhouse/dmt/pkg/linters/container/rules/container_image_digest_check.go:95.2,95.13 1 0
github.com/deckhouse/dmt/pkg/linters/container/rules/container_image_pull_policy.go:31.52,37.2 1 0
github.com/deckhouse/dmt/pkg/linters/container/rules/container_image_pull_policy.go:43.154,46.152 2 0
github.com/deckhouse/dmt/pkg/linters/container/rules/container_image_pull_policy.go:46.152,50.3 2 0
github.com/deckhouse/dmt/pkg/linters/container/rules/container_image_pull_policy.go:52.2,52.69 1 0
github.com/deckhouse/dmt/pkg/linters/container/rules/container_image_pull_policy.go:55.130,57.44 2 0
github.com/deckhouse/dmt/pkg/linters/container/rules/container_image_pull_policy.go:57.44,60.3 1 0
github.com/deckhouse/dmt/pkg/linters/container/rules/container_image_pull_policy.go:63.140,64.28 1 0
github.com/deckhouse/dmt/pkg/linters/container/rules/container_image_pull_policy.go:64.28,67.69 2 0
github.com/deckhouse/dmt/pkg/linters/container/rules/container_image_pull_policy.go:67.69,68.12 1 0
github.com/deckhouse/dmt/pkg/linters/container/rules/container_image_pull_policy.go:71.3,72.78 1 0
github.com/deckhouse/dmt/pkg/linters/container/rules/container_name_duplicates.go:31.50,37.2 1 0
github.com/deckhouse/dmt/pkg/linters/container/rules/container_name_duplicates.go:43.151,46.63 2 0
github.com/deckhouse/dmt/pkg/linters/container/rules/container_name_duplicates.go:46.63,46.80 1 0
github.com/deckhouse/dmt/pkg/linters/container/rules/container_name_duplicates.go:46.82,49.3 1 0
github.com/deckhouse/dmt/pkg/linters/container/rules/container_name_duplicates.go:52.67,54.29 2 0
github.com/deckhouse/dmt/pkg/linters/container/rules/container_name_duplicates.go:54.29,56.29 2 0
github.com/deckhouse/dmt/pkg/linters/container/rules/container_name_duplicates.go:56.29,58.4 1 0
github.com/deckhouse/dmt/pkg/linters/container/rules/container_name_duplicates.go:59.3,59.25 1 0
github.com/deckhouse/dmt/pkg/linters/container/rules/container_name_duplicates.go:61.2,61.14 1 0
github.com/deckhouse/dmt/pkg/linters/container/rules/container_ports.go:31.71,40.2 1 0
github.com/deckhouse/dmt/pkg/linters/container/rules/container_ports.go:47.133,51.28 3 0
github.com/deckhouse/dmt/pkg/linters/container/rules/container_ports.go:51.28,54.28 2 0
github.com/deckhouse/dmt/pkg/linters/container/rules/container_ports.go:54.28,56.12 1 0
github.com/deckhouse/dmt/pkg/linters/container/rules/container_ports.go:59.3,59.32 1 0
github.com/deckhouse/dmt/pkg/linters/container/rules/container_ports.go:59.32,60.31 1 0
github.com/deckhouse/dmt/pkg/linters/container/rules/container_ports.go:60.31,64.13 2 0
github.com/deckhouse/dmt/pkg/linters/container/rules/container_resources.go:31.79,40.2 1 0
github.com/deckhouse/dmt/pkg/linters/container/rules/container_resources.go:47.148,50.28 2 0
github.com/deckhouse/dmt/pkg/linters/container/rules/container_resources.go:50.28,53.28 2 0
github.com/deckhouse/dmt/pkg/linters/container/rules/container_resources.go:53.28,55.12 1 0
github.com/deckhouse/dmt/pkg/linters/container/rules/container_resources.go:58.3,58.109 1 0
github.com/deckhouse/dmt/pkg/linters/container/rules/container_resources.go:58.109,61.4 1 0
github.com/deckhouse/dmt/pkg/linters/container/rules/container_security_context.go:31.109,40.2 1 0
github.com/deckhouse/dmt/pkg/linters/container/rules/container_security_context.go:47.162,50.28 2 0
github.com/deckhouse/dmt/pkg/linters/container/rules/container_security_context.go:50.28,53.28 2 0
github.com/deckhouse/dmt/pkg/linters/container/rules/container_security_context.go:53.28,55.12 1 0
github.com/deckhouse/dmt/pkg/linters/container/rules/container_security_context.go:58.3,58.31 1 0
github.com/deckhouse/dmt/pkg/linters/container/rules/container_security_context.go:58.31,62.12 2 0
github.com/deckhouse/dmt/pkg/linters/container/rules/controller_security_context.go:33.106,42.2 1 0
github.com/deckhouse/dmt/pkg/linters/container/rules/controller_security_context.go:49.133,52.68 2 0
github.com/deckhouse/dmt/pkg/linters/container/rules/controller_security_context.go:52.68,54.3 1 0
github.com/deckhouse/dmt/pkg/linters/container/rules/controller_security_context.go:56.2,56.78 1 0
github.com/deckhouse/dmt/pkg/linters/container/rules/controller_security_context.go:56.78,59.3 1 0
github.com/deckhouse/dmt/pkg/linters/container/rules/controller_security_context.go:61.2,62.16 2 0
github.com/deckhouse/dmt/pkg/linters/container/rules/controller_security_context.go:62.16,67.3 2 0
github.com/deckhouse/dmt/pkg/linters/container/rules/controller_security_context.go:69.2,69.28 1 0
github.com/deckhouse/dmt/pkg/linters/container/rules/controller_security_context.go:69.28,74.3 2 0
github.com/deckhouse/dmt/pkg/linters/container/rules/controller_security_context.go:76.2,76.68 1 0
github.com/deckhouse/dmt/pkg/linters/container/rules/controller_security_context.go:79.55,80.14 1 0
github.com/deckhouse/dmt/pkg/linters/container/rules/controller_security_context.go:81.73,82.14 1 0
github.com/deckhouse/dmt/pkg/linters/container/rules/controller_security_context.go:83.10,84.15 1 0
github.com/deckhouse/dmt/pkg/linters/container/rules/controller_security_context.go:88.147,89.41 1 0
github.com/deckhouse/dmt/pkg/linters/container/rules/controller_security_context.go:89.41,92.3 1 0
github.com/deckhouse/dmt/pkg/linters/container/rules/controller_security_context.go:94.2,94.38 1 0
github.com/deckhouse/dmt/pkg/linters/container/rules/controller_security_context.go:94.38,97.3 1 0
github.com/deckhouse/dmt/pkg/linters/container/rules/controller_security_context.go:99.2,99.39 1 0
github.com/deckhouse/dmt/pkg/linters/container/rules/controller_security_context.go:99.39,102.3 1 0
github.com/deckhouse/dmt/pkg/linters/container/rules/controller_security_context.go:104.2,104.114 1 0
github.com/deckhouse/dmt/pkg/linters/container/rules/controller_security_context.go:104.114,106.3 1 0
github.com/deckhouse/dmt/pkg/linters/container/rules/controller_security_context.go:109.134,112.39 2 0
github.com/deckhouse/dmt/pkg/linters/container/rules/controller_security_context.go:113.12,115.82 1 0
github.com/deckhouse/dmt/pkg/linters/container/rules/controller_security_context.go:115.82,118.4 1 0
github.com/deckhouse/dmt/pkg/linters/container/rules/controller_security_context.go:119.13,120.74 1 0
github.com/deckhouse/dmt/pkg/linters/container/rules/controller_security_context.go:120.74,123.4 1 0
github.com/deckhouse/dmt/pkg/linters/container/rules/dns_policy.go:32.74,41.2 1 0
github.com/deckhouse/dmt/pkg/linters/container/rules/dns_policy.go:48.107,51.78 2 0
github.com/deckhouse/dmt/pkg/linters/container/rules/dns_policy.go:51.78,54.3 1 0
github.com/deckhouse/dmt/pkg/linters/container/rules/dns_policy.go:56.2,57.16 2 0
github.com/deckhouse/dmt/pkg/linters/container/rules/dns_policy.go:57.16,62.3 2 0
github.com/deckhouse/dmt/pkg/linters/container/rules/dns_policy.go:64.2,64.62 1 0
github.com/deckhouse/dmt/pkg/linters/container/rules/dns_policy.go:67.83,74.39 5 0
github.com/deckhouse/dmt/pkg/linters/container/rules/dns_policy.go:75.20,79.58 4 0
github.com/deckhouse/dmt/pkg/linters/container/rules/dns_policy.go:80.19,84.57 4 0
github.com/deckhouse/dmt/pkg/linters/container/rules/dns_policy.go:85.21,89.59 4 0
github.com/deckhouse/dmt/pkg/linters/container/rules/dns_policy.go:92.2,92.36 1 0
github.com/deckhouse/dmt/pkg/linters/container/rules/dns_policy.go:95.126,96.18 1 0
github.com/deckhouse/dmt/pkg/linters/container/rules/dns_policy.go:96.18,98.3 1 0
github.com/deckhouse/dmt/pkg/linters/container/rules/dns_policy.go:100.2,100.44 1 0
github.com/deckhouse/dmt/pkg/linters/container/rules/dns_policy.go:100.44,104.3 1 0
github.com/deckhouse/dmt/pkg/linters/container/rules/namespace_labels.go:31.52,37.2 1 0
github.com/deckhouse/dmt/pkg/linters/container/rules/namespace_labels.go:43.119,46.110 2 0
github.com/deckhouse/dmt/pkg/linters/container/rules/namespace_labels.go:46.110,48.3 1 0
github.com/deckhouse/dmt/pkg/linters/container/rules/namespace_labels.go:50.2,52.87 2 0
github.com/deckhouse/dmt/pkg/linters/container/rules/namespace_labels.go:52.87,54.3 1 0
github.com/deckhouse/dmt/pkg/linters/container/rules/namespace_labels.go:56.2,57.100 1 0
github.com/deckhouse/dmt/pkg/linters/container/rules/priority_class.go:32.48,38.2 1 0
github.com/deckhouse/dmt/pkg/linters/container/rules/priority_class.go:44.115,47.66 2 0
github.com/deckhouse/dmt/pkg/linters/container/rules/priority_class.go:47.66,49.3 1 0
github.com/deckhouse/dmt/pkg/linters/container/rules/priority_class.go:51.2,52.16 2 0
github.com/deckhouse/dmt/pkg/linters/container/rules/priority_class.go:52.16,57.3 2 0
github.com/deckhouse/dmt/pkg/linters/container/rules/priority_class.go:59.2,59.57 1 0
github.com/deckhouse/dmt/pkg/linters/container/rules/priority_class.go:62.53,63.14 1 0
github.com/deckhouse/dmt/pkg/linters/container/rules/priority_class.go:64.48,65.14 1 0
github.com/deckhouse/dmt/pkg/linters/container/rules/priority_class.go:66.10,67.15 1 0
github.com/deckhouse/dmt/pkg/linters/container/rules/priority_class.go:71.67,77.39 4 0
github.com/deckhouse/dmt/pkg/linters/container/rules/priority_class.go:78.20,81.66 3 0
github.com/deckhouse/dmt/pkg/linters/container/rules/priority_class.go:82.19,85.65 3 0
github.com/deckhouse/dmt/pkg/linters/container/rules/priority_class.go:86.21,89.67 3 0
github.com/deckhouse/dmt/pkg/linters/container/rules/priority_class.go:92.2,92.27 1 0
github.com/deckhouse/dmt/pkg/linters/container/rules/priority_class.go:95.116,96.23 1 0
github.com/deckhouse/dmt/pkg/linters/container/rules/priority_class.go:97.10,99.45 1 0
github.com/deckhouse/dmt/pkg/linters/container/rules/priority_class.go:100.201,100.201 0 0
github.com/deckhouse/dmt/pkg/linters/container/rules/priority_class.go:101.10,103.42 1 0
github.com/deckhouse/dmt/pkg/linters/container/rules/probes.go:32.77,41.2 1 0
github.com/deckhouse/dmt/pkg/linters/container/rules/probes.go:48.87,57.2 1 0
github.com/deckhouse/dmt/pkg/linters/container/rules/probes.go:64.57,66.23 2 0
github.com/deckhouse/dmt/pkg/linters/container/rules/probes.go:66.23,68.3 1 0
github.com/deckhouse/dmt/pkg/linters/container/rules/probes.go:69.2,69.23 1 0
github.com/deckhouse/dmt/pkg/linters/container/rules/probes.go:69.23,71.3 1 0
github.com/deckhouse/dmt/pkg/linters/container/rules/probes.go:72.2,72.26 1 0
github.com/deckhouse/dmt/pkg/linters/container/rules/probes.go:72.26,74.3 1 0
github.com/deckhouse/dmt/pkg/linters/container/rules/probes.go:75.2,75.28 1 0
github.com/deckhouse/dmt/pkg/linters/container/rules/probes.go:75.28,77.3 1 0
github.com/deckhouse/dmt/pkg/linters/container/rules/probes.go:78.2,78.16 1 0
github.com/deckhouse/dmt/pkg/linters/container/rules/probes.go:78.16,80.3 1 0
github.com/deckhouse/dmt/pkg/linters/container/rules/probes.go:82.2,82.14 1 0
github.com/deckhouse/dmt/pkg/linters/container/rules/probes.go:86.128,89.53 2 0
github.com/deckhouse/dmt/pkg/linters/container/rules/probes.go:89.53,91.3 1 0
github.com/deckhouse/dmt/pkg/linters/container/rules/probes.go:93.2,93.30 1 0
github.com/deckhouse/dmt/pkg/linters/container/rules/probes.go:93.30,96.28 2 0
github.com/deckhouse/dmt/pkg/linters/container/rules/probes.go:96.28,98.12 1 0
github.com/deckhouse/dmt/pkg/linters/container/rules/probes.go:101.3,104.27 3 0
github.com/deckhouse/dmt/pkg/linters/container/rules/probes.go:104.27,106.12 2 0
github.com/deckhouse/dmt/pkg/linters/container/rules/probes.go:109.3,109.57 1 0
github.com/deckhouse/dmt/pkg/linters/container/rules/probes.go:109.57,111.4 1 0
github.com/deckhouse/dmt/pkg/linters/container/rules/probes.go:116.137,119.53 2 0
github.com/deckhouse/dmt/pkg/linters/container/rules/probes.go:119.53,121.3 1 0
github.com/deckhouse/dmt/pkg/linters/container/rules/probes.go:123.2,123.30 1 0
github.com/deckhouse/dmt/pkg/linters/container/rules/probes.go:123.30,126.28 2 0
github.com/deckhouse/dmt/pkg/linters/container/rules/probes.go:126.28,128.12 1 0
github.com/deckhouse/dmt/pkg/linters/container/rules/probes.go:131.3,134.28 3 0
github.com/deckhouse/dmt/pkg/linters/container/rules/probes.go:134.28,136.12 2 0
github.com/deckhouse/dmt/pkg/linters/container/rules/probes.go:139.3,139.58 1 0
github.com/deckhouse/dmt/pkg/linters/container/rules/probes.go:139.58,141.4 1 0
github.com/deckhouse/dmt/pkg/linters/container/rules/probes.go:145.40,147.2 1 0
github.com/deckhouse/dmt/pkg/linters/container/rules/recommended_labels.go:29.56,35.2 1 0
github.com/deckhouse/dmt/pkg/linters/container/rules/recommended_labels.go:41.123,45.36 3 0
github.com/deckhouse/dmt/pkg/linters/container/rules/recommended_labels.go:45.36,48.3 1 0
github.com/deckhouse/dmt/pkg/linters/container/rules/recommended_labels.go:49.2,49.38 1 0
github.com/deckhouse/dmt/pkg/linters/container/rules/recommended_labels.go:49.38,52.3 1 0
github.com/deckhouse/dmt/pkg/linters/container/rules/revision_history_limit.go:32.62,38.2 1 0
github.com/deckhouse/dmt/pkg/linters/container/rules/revision_history_limit.go:44.129,47.51 2 0
github.com/deckhouse/dmt/pkg/linters/container/rules/revision_history_limit.go:47.51,51.107 3 0
github.com/deckhouse/dmt/pkg/linters/container/rules/revision_history_limit.go:51.107,56.4 2 0
github.com/deckhouse/dmt/pkg/linters/container/rules/revision_history_limit.go:64.3,67.25 3 0
github.com/deckhouse/dmt/pkg/linters/container/rules/revision_history_limit.go:67.25,70.4 1 0
github.com/deckhouse/dmt/pkg/linters/container/rules/revision_history_limit.go:70.9,70.44 1 0
github.com/deckhouse/dmt/pkg/linters/container/rules/revision_history_limit.go:70.44,73.4 1 0
github.com/deckhouse/dmt/pkg/linters/hooks/hooks.go:35.81,42.2 1 0
[...]
github.com/deckhouse/dmt/pkg/config/linters_settings.go:35.63,44.2 8 0
github.com/deckhouse/dmt/pkg/config/linters_settings.go:180.64,183.21 2 0
github.com/deckhouse/dmt/pkg/config/linters_settings.go:183.21,185.3 1 0
github.com/deckhouse/dmt/pkg/config/linters_settings.go:187.2,187.15 1 0
github.com/deckhouse/dmt/pkg/config/linters_settings.go:192.62,195.21 2 0
github.com/deckhouse/dmt/pkg/config/linters_settings.go:195.21,197.3 1 0
github.com/deckhouse/dmt/pkg/config/linters_settings.go:199.2,199.15 1 0
github.com/deckhouse/dmt/pkg/config/linters_settings.go:204.62,207.21 2 0
github.com/deckhouse/dmt/pkg/config/linters_settings.go:207.21,209.3 1 0
github.com/deckhouse/dmt/pkg/config/linters_settings.go:211.2,211.15 1 0
github.com/deckhouse/dmt/pkg/config/linters_settings.go:216.58,219.21 2 0
github.com/deckhouse/dmt/pkg/config/linters_settings.go:219.21,221.3 1 0
github.com/deckhouse/dmt/pkg/config/linters_settings.go:223.2,223.15 1 0
github.com/deckhouse/dmt/pkg/config/linters_settings.go:228.68,231.21 2 0
github.com/deckhouse/dmt/pkg/config/linters_settings.go:231.21,233.3 1 0
github.com/deckhouse/dmt/pkg/config/linters_settings.go:235.2,235.15 1 0
github.com/deckhouse/dmt/pkg/config/linters_settings.go:254.72,259.2 1 0
github.com/deckhouse/dmt/pkg/config/linters_settings.go:261.85,266.2 1 0
github.com/deckhouse/dmt/pkg/config/linters_settings.go:268.87,274.2 1 0
github.com/deckhouse/dmt/pkg/config/loader.go:48.45,54.2 1 0
github.com/deckhouse/dmt/pkg/config/loader.go:56.31,58.16 2 0
github.com/deckhouse/dmt/pkg/config/loader.go:58.16,60.3 1 0
github.com/deckhouse/dmt/pkg/config/loader.go:62.2,63.16 2 0
github.com/deckhouse/dmt/pkg/config/loader.go:63.16,65.3 1 0
github.com/deckhouse/dmt/pkg/config/loader.go:67.2,67.12 1 0
github.com/deckhouse/dmt/pkg/config/loader.go:70.40,77.38 4 0
github.com/deckhouse/dmt/pkg/config/loader.go:77.38,79.3 1 0
github.com/deckhouse/dmt/pkg/config/loader.go:81.2,81.12 1 0
github.com/deckhouse/dmt/pkg/config/loader.go:84.50,86.17 2 0
github.com/deckhouse/dmt/pkg/config/loader.go:86.17,88.3 1 0
github.com/deckhouse/dmt/pkg/config/loader.go:90.2,91.16 2 0
github.com/deckhouse/dmt/pkg/config/loader.go:91.16,94.3 2 0
github.com/deckhouse/dmt/pkg/config/loader.go:97.2,98.28 2 0
github.com/deckhouse/dmt/pkg/config/loader.go:98.28,100.3 1 0
github.com/deckhouse/dmt/pkg/config/loader.go:100.8,102.3 1 0
github.com/deckhouse/dmt/pkg/config/loader.go:105.2,107.6 2 0
github.com/deckhouse/dmt/pkg/config/loader.go:107.6,111.43 3 0
github.com/deckhouse/dmt/pkg/config/loader.go:111.43,112.9 1 0
github.com/deckhouse/dmt/pkg/config/loader.go:115.3,115.22 1 0
github.com/deckhouse/dmt/pkg/config/loader.go:119.2,119.44 1 0
github.com/deckhouse/dmt/pkg/config/loader.go:119.44,121.3 1 0
github.com/deckhouse/dmt/pkg/config/loader.go:121.8,121.48 1 0
github.com/deckhouse/dmt/pkg/config/loader.go:121.48,123.3 1 0
github.com/deckhouse/dmt/pkg/config/loader.go:125.2,125.20 1 0
github.com/deckhouse/dmt/pkg/config/loader.go:128.38,129.47 1 0
github.com/deckhouse/dmt/pkg/config/loader.go:129.47,131.47 2 0
github.com/deckhouse/dmt/pkg/config/loader.go:131.47,134.18 2 0
github.com/deckhouse/dmt/pkg/config/loader.go:134.18,136.5 1 0
github.com/deckhouse/dmt/pkg/config/loader.go:138.4,138.14 1 0
github.com/deckhouse/dmt/pkg/config/loader.go:141.3,141.56 1 0
github.com/deckhouse/dmt/pkg/config/loader.go:144.2,145.16 2 0
github.com/deckhouse/dmt/pkg/config/loader.go:145.16,147.3 1 0
github.com/deckhouse/dmt/pkg/config/loader.go:150.2,150.69 1 0
github.com/deckhouse/dmt/pkg/config/loader.go:150.69,152.3 1 0
github.com/deckhouse/dmt/pkg/config/loader.go:154.2,154.12 1 0
github.com/deckhouse/dmt/pkg/config/loader.go:157.39,159.26 2 0
github.com/deckhouse/dmt/pkg/config/loader.go:159.26,161.3 1 0
github.com/deckhouse/dmt/pkg/config/loader.go:163.2,163.39 1 0
github.com/deckhouse/dmt/pkg/config/loader.go:163.39,166.3 2 0
github.com/deckhouse/dmt/pkg/config/loader.go:168.2,170.12 2 0
github.com/deckhouse/dmt/pkg/config/loader.go:173.52,183.2 1 0
github.com/deckhouse/dmt/pkg/config/loader.go:185.62,189.26 1 0
github.com/deckhouse/dmt/pkg/config/loader.go:189.26,190.64 1 0
github.com/deckhouse/dmt/pkg/config/loader.go:190.64,192.4 1 0
github.com/deckhouse/dmt/pkg/config/loader.go:194.3,194.45 1 0
github.com/deckhouse/dmt/pkg/config/loader.go:194.45,196.4 1 0
github.com/deckhouse/dmt/pkg/config/loader.go:198.3,198.52 1 0
github.com/deckhouse/dmt/pkg/config/global/global.go:41.37,43.2 1 0
github.com/deckhouse/dmt/pkg/linters/templates/rules/grafana.go:33.36,39.2 1 0
github.com/deckhouse/dmt/pkg/linters/templates/rules/grafana.go:45.105,49.57 3 0
github.com/deckhouse/dmt/pkg/linters/templates/rules/grafana.go:49.57,53.3 2 0
github.com/deckhouse/dmt/pkg/linters/templates/rules/grafana.go:55.2,56.16 2 0
github.com/deckhouse/dmt/pkg/linters/templates/rules/grafana.go:56.16,60.3 2 0
github.com/deckhouse/dmt/pkg/linters/templates/rules/grafana.go:62.2,64.16 3 0
github.com/deckhouse/dmt/pkg/linters/templates/rules/grafana.go:64.16,65.25 1 0
github.com/deckhouse/dmt/pkg/linters/templates/rules/grafana.go:65.25,67.4 1 0
github.com/deckhouse/dmt/pkg/linters/templates/rules/grafana.go:69.3,71.9 2 0
github.com/deckhouse/dmt/pkg/linters/templates/rules/grafana.go:74.2,76.48 2 0
github.com/deckhouse/dmt/pkg/linters/templates/rules/grafana.go:76.48,78.3 1 0
github.com/deckhouse/dmt/pkg/linters/templates/rules/grafana.go:79.2,79.109 1 0
github.com/deckhouse/dmt/pkg/linters/templates/rules/grafana.go:79.109,81.3 1 0
github.com/deckhouse/dmt/pkg/linters/templates/rules/grafana.go:83.2,85.126 2 0
github.com/deckhouse/dmt/pkg/linters/templates/rules/kube_rbac_proxy_ca.go:33.84,42.2 1 0
github.com/deckhouse/dmt/pkg/linters/templates/rules/kube_rbac_proxy_ca.go:49.149,54.41 3 0
github.com/deckhouse/dmt/pkg/linters/templates/rules/kube_rbac_proxy_ca.go:54.41,55.74 1 0
github.com/deckhouse/dmt/pkg/linters/templates/rules/kube_rbac_proxy_ca.go:55.74,57.4 1 0
github.com/deckhouse/dmt/pkg/linters/templates/rules/kube_rbac_proxy_ca.go:60.2,60.49 1 0
github.com/deckhouse/dmt/pkg/linters/templates/rules/kube_rbac_proxy_ca.go:60.49,61.49 1 0
github.com/deckhouse/dmt/pkg/linters/templates/rules/kube_rbac_proxy_ca.go:61.49,63.12 1 0
github.com/deckhouse/dmt/pkg/linters/templates/rules/kube_rbac_proxy_ca.go:65.3,66.32 2 0
github.com/deckhouse/dmt/pkg/linters/templates/rules/kube_rbac_proxy_ca.go:66.32,67.42 1 0
github.com/deckhouse/dmt/pkg/linters/templates/rules/kube_rbac_proxy_ca.go:67.42,73.5 1 0
github.com/deckhouse/dmt/pkg/linters/templates/rules/pdb.go:38.62,47.2 1 0
github.com/deckhouse/dmt/pkg/linters/templates/rules/pdb.go:59.79,61.2 1 0
github.com/deckhouse/dmt/pkg/linters/templates/rules/pdb.go:65.98,70.41 3 0
github.com/deckhouse/dmt/pkg/linters/templates/rules/pdb.go:70.41,71.54 1 0
github.com/deckhouse/dmt/pkg/linters/templates/rules/pdb.go:71.54,72.12 1 0
github.com/deckhouse/dmt/pkg/linters/templates/rules/pdb.go:75.3,75.79 1 0
github.com/deckhouse/dmt/pkg/linters/templates/rules/pdb.go:75.79,77.12 1 0
github.com/deckhouse/dmt/pkg/linters/templates/rules/pdb.go:80.3,80.29 1 0
github.com/deckhouse/dmt/pkg/linters/templates/rules/pdb.go:80.29,85.4 2 0
github.com/deckhouse/dmt/pkg/linters/templates/rules/pdb.go:87.3,87.54 1 0
github.com/deckhouse/dmt/pkg/linters/templates/rules/pdb.go:92.101,95.41 2 0
github.com/deckhouse/dmt/pkg/linters/templates/rules/pdb.go:95.41,96.61 1 0
github.com/deckhouse/dmt/pkg/linters/templates/rules/pdb.go:96.61,97.12 1 0
github.com/deckhouse/dmt/pkg/linters/templates/rules/pdb.go:100.3,107.37 3 0
github.com/deckhouse/dmt/pkg/linters/templates/rules/pdb.go:110.2,110.18 1 0
github.com/deckhouse/dmt/pkg/linters/templates/rules/pdb.go:115.127,119.16 3 0
github.com/deckhouse/dmt/pkg/linters/templates/rules/pdb.go:119.16,121.3 1 0
github.com/deckhouse/dmt/pkg/linters/templates/rules/pdb.go:123.2,126.32 3 0
github.com/deckhouse/dmt/pkg/linters/templates/rules/pdb.go:126.32,127.46 1 0
github.com/deckhouse/dmt/pkg/linters/templates/rules/pdb.go:127.46,129.4 1 0
github.com/deckhouse/dmt/pkg/linters/templates/rules/pdb.go:132.2,133.71 1 0
github.com/deckhouse/dmt/pkg/linters/templates/rules/pdb.go:136.105,144.16 6 0
github.com/deckhouse/dmt/pkg/linters/templates/rules/pdb.go:144.16,148.3 2 0
github.com/deckhouse/dmt/pkg/linters/templates/rules/pdb.go:150.2,151.16 2 0
github.com/deckhouse/dmt/pkg/linters/templates/rules/pdb.go:151.16,155.3 2 0
github.com/deckhouse/dmt/pkg/linters/templates/rules/pdb.go:157.2,157.98 1 0
github.com/deckhouse/dmt/pkg/linters/templates/rules/pdb.go:157.98,161.3 2 0
github.com/deckhouse/dmt/pkg/linters/templates/rules/pdb.go:163.2,163.12 1 0
github.com/deckhouse/dmt/pkg/linters/templates/rules/pdb.go:166.86,171.14 4 0
github.com/deckhouse/dmt/pkg/linters/templates/rules/pdb.go:172.20,176.17 3 0
github.com/deckhouse/dmt/pkg/linters/templates/rules/pdb.go:176.17,178.4 1 0
github.com/deckhouse/dmt/pkg/linters/templates/rules/pdb.go:180.3,180.46 1 0
github.com/deckhouse/dmt/pkg/linters/templates/rules/pdb.go:182.19,186.17 3 0
github.com/deckhouse/dmt/pkg/linters/templates/rules/pdb.go:186.17,188.4 1 0
github.com/deckhouse/dmt/pkg/linters/templates/rules/pdb.go:190.3,190.45 1 0
github.com/deckhouse/dmt/pkg/linters/templates/rules/pdb.go:192.21,196.17 3 0
github.com/deckhouse/dmt/pkg/linters/templates/rules/pdb.go:196.17,198.4 1 0
github.com/deckhouse/dmt/pkg/linters/templates/rules/pdb.go:200.3,200.47 1 0
github.com/deckhouse/dmt/pkg/linters/templates/rules/pdb.go:202.10,203.76 1 0
github.com/deckhouse/dmt/pkg/linters/templates/rules/pdb.go:207.40,209.2 1 0
github.com/deckhouse/dmt/pkg/linters/templates/rules/prometheus_rules.go:40.42,46.2 1 1
github.com/deckhouse/dmt/pkg/linters/templates/rules/prometheus_rules.go:67.62,72.2 3 0
github.com/deckhouse/dmt/pkg/linters/templates/rules/prometheus_rules.go:74.63,80.2 4 0
github.com/deckhouse/dmt/pkg/linters/templates/rules/prometheus_rules.go:86.107,91.57 4 1
github.com/deckhouse/dmt/pkg/linters/templates/rules/prometheus_rules.go:91.57,96.3 2 1
github.com/deckhouse/dmt/pkg/linters/templates/rules/prometheus_rules.go:98.2,99.16 2 1
github.com/deckhouse/dmt/pkg/linters/templates/rules/prometheus_rules.go:99.16,104.3 2 0
github.com/deckhouse/dmt/pkg/linters/templates/rules/prometheus_rules.go:106.2,108.16 3 1
github.com/deckhouse/dmt/pkg/linters/templates/rules/prometheus_rules.go:108.16,109.25 1 1
github.com/deckhouse/dmt/pkg/linters/templates/rules/prometheus_rules.go:109.25,111.4 1 1
github.com/deckhouse/dmt/pkg/linters/templates/rules/prometheus_rules.go:112.3,114.9 2 0
github.com/deckhouse/dmt/pkg/linters/templates/rules/prometheus_rules.go:117.2,117.70 1 1
github.com/deckhouse/dmt/pkg/linters/templates/rules/prometheus_rules.go:117.70,119.3 1 1
github.com/deckhouse/dmt/pkg/linters/templates/rules/prometheus_rules.go:121.2,125.4 2 1
github.com/deckhouse/dmt/pkg/linters/templates/rules/prometheus_rules.go:128.68,131.21 3 1
github.com/deckhouse/dmt/pkg/linters/templates/rules/prometheus_rules.go:131.21,137.45 4 1
github.com/deckhouse/dmt/pkg/linters/templates/rules/prometheus_rules.go:137.45,139.4 1 1
github.com/deckhouse/dmt/pkg/linters/templates/rules/prometheus_rules.go:142.2,142.38 1 1
github.com/deckhouse/dmt/pkg/linters/templates/rules/prometheus_rules.go:142.38,144.3 1 0
github.com/deckhouse/dmt/pkg/linters/templates/rules/prometheus_rules.go:146.2,146.22 1 1
github.com/deckhouse/dmt/pkg/linters/templates/rules/prometheus_rules.go:146.22,148.3 1 1
github.com/deckhouse/dmt/pkg/linters/templates/rules/prometheus_rules.go:150.2,150.14 1 1
github.com/deckhouse/dmt/pkg/linters/templates/rules/prometheus_rules.go:153.129,156.55 2 0
github.com/deckhouse/dmt/pkg/linters/templates/rules/prometheus_rules.go:156.55,158.3 1 0
github.com/deckhouse/dmt/pkg/linters/templates/rules/prometheus_rules.go:160.2,161.8 2 0
github.com/deckhouse/dmt/pkg/linters/templates/rules/prometheus_rules.go:161.8,162.19 1 0
github.com/deckhouse/dmt/pkg/linters/templates/rules/prometheus_rules.go:162.19,164.4 1 0
github.com/deckhouse/dmt/pkg/linters/templates/rules/prometheus_rules.go:165.3,165.9 1 0
github.com/deckhouse/dmt/pkg/linters/templates/rules/prometheus_rules.go:168.2,169.16 2 0
github.com/deckhouse/dmt/pkg/linters/templates/rules/prometheus_rules.go:169.16,172.3 2 0
github.com/deckhouse/dmt/pkg/linters/templates/rules/prometheus_rules.go:174.2,175.16 2 0
github.com/deckhouse/dmt/pkg/linters/templates/rules/prometheus_rules.go:175.16,182.3 3 0
github.com/deckhouse/dmt/pkg/linters/templates/rules/prometheus_rules.go:184.2,184.57 1 0
github.com/deckhouse/dmt/pkg/linters/templates/rules/prometheus_rules.go:187.71,189.9 2 1
github.com/deckhouse/dmt/pkg/linters/templates/rules/prometheus_rules.go:189.9,191.3 1 1
github.com/deckhouse/dmt/pkg/linters/templates/rules/prometheus_rules.go:192.2,193.9 2 1
github.com/deckhouse/dmt/pkg/linters/templates/rules/prometheus_rules.go:193.9,195.3 1 0
github.com/deckhouse/dmt/pkg/linters/templates/rules/prometheus_rules.go:196.2,197.16 2 1
github.com/deckhouse/dmt/pkg/linters/templates/rules/prometheus_rules.go:197.16,199.3 1 0
github.com/deckhouse/dmt/pkg/linters/templates/rules/prometheus_rules.go:200.2,200.21 1 1
github.com/deckhouse/dmt/pkg/linters/templates/rules/service_port.go:33.81,42.2 1 0
github.com/deckhouse/dmt/pkg/linters/templates/rules/service_port.go:49.117,52.39 2 0
github.com/deckhouse/dmt/pkg/linters/templates/rules/service_port.go:53.17,53.17 0 0
github.com/deckhouse/dmt/pkg/linters/templates/rules/service_port.go:54.10,55.9 1 0
github.com/deckhouse/dmt/pkg/linters/templates/rules/service_port.go:58.2,61.103 3 0
github.com/deckhouse/dmt/pkg/linters/templates/rules/service_port.go:61.103,66.3 2 0
github.com/deckhouse/dmt/pkg/linters/templates/rules/service_port.go:68.2,68.42 1 0
github.com/deckhouse/dmt/pkg/linters/templates/rules/service_port.go:68.42,69.47 1 0
github.com/deckhouse/dmt/pkg/linters/templates/rules/service_port.go:69.47,72.4 1 0
github.com/deckhouse/dmt/pkg/linters/templates/rules/service_port.go:74.3,74.41 1 0
github.com/deckhouse/dmt/pkg/linters/templates/rules/service_port.go:74.41,75.35 1 0
github.com/deckhouse/dmt/pkg/linters/templates/rules/service_port.go:75.35,79.13 2 0
github.com/deckhouse/dmt/pkg/linters/templates/rules/service_port.go:82.4,83.69 1 0
github.com/deckhouse/dmt/pkg/linters/templates/rules/vpa.go:35.62,44.2 1 0
github.com/deckhouse/dmt/pkg/linters/templates/rules/vpa.go:52.98,57.45 3 0
github.com/deckhouse/dmt/pkg/linters/templates/rules/vpa.go:57.45,59.54 1 0
github.com/deckhouse/dmt/pkg/linters/templates/rules/vpa.go:59.54,60.12 1 0
github.com/deckhouse/dmt/pkg/linters/templates/rules/vpa.go:63.3,63.79 1 0
github.com/deckhouse/dmt/pkg/linters/templates/rules/vpa.go:63.79,65.12 1 0
github.com/deckhouse/dmt/pkg/linters/templates/rules/vpa.go:68.3,69.10 2 0
github.com/deckhouse/dmt/pkg/linters/templates/rules/vpa.go:69.10,70.12 1 0
github.com/deckhouse/dmt/pkg/linters/templates/rules/vpa.go:74.3,74.45 1 0
github.com/deckhouse/dmt/pkg/linters/templates/rules/vpa.go:74.45,75.12 1 0
github.com/deckhouse/dmt/pkg/linters/templates/rules/vpa.go:78.3,78.95 1 0
github.com/deckhouse/dmt/pkg/linters/templates/rules/vpa.go:82.40,84.2 1 0
github.com/deckhouse/dmt/pkg/linters/templates/rules/vpa.go:91.3,96.41 4 0
github.com/deckhouse/dmt/pkg/linters/templates/rules/vpa.go:96.41,99.38 2 0
github.com/deckhouse/dmt/pkg/linters/templates/rules/vpa.go:99.38,100.12 1 0
github.com/deckhouse/dmt/pkg/linters/templates/rules/vpa.go:103.3,103.83 1 0
github.com/deckhouse/dmt/pkg/linters/templates/rules/vpa.go:106.2,106.57 1 0
github.com/deckhouse/dmt/pkg/linters/templates/rules/vpa.go:115.3,117.9 2 0
github.com/deckhouse/dmt/pkg/linters/templates/rules/vpa.go:117.9,119.3 1 0
github.com/deckhouse/dmt/pkg/linters/templates/rules/vpa.go:121.2,124.9 3 0
github.com/deckhouse/dmt/pkg/linters/templates/rules/vpa.go:124.9,126.3 1 0
github.com/deckhouse/dmt/pkg/linters/templates/rules/vpa.go:128.2,129.37 2 0
github.com/deckhouse/dmt/pkg/linters/templates/rules/vpa.go:133.136,141.16 5 0
github.com/deckhouse/dmt/pkg/linters/templates/rules/vpa.go:141.16,145.3 2 0
github.com/deckhouse/dmt/pkg/linters/templates/rules/vpa.go:147.2,148.33 2 0
github.com/deckhouse/dmt/pkg/linters/templates/rules/vpa.go:148.33,150.3 1 0
github.com/deckhouse/dmt/pkg/linters/templates/rules/vpa.go:152.2,152.87 1 0
github.com/deckhouse/dmt/pkg/linters/templates/rules/vpa.go:152.87,156.3 2 0
github.com/deckhouse/dmt/pkg/linters/templates/rules/vpa.go:158.2,158.61 1 0
github.com/deckhouse/dmt/pkg/linters/templates/rules/vpa.go:158.61,159.35 1 0
github.com/deckhouse/dmt/pkg/linters/templates/rules/vpa.go:159.35,161.4 1 0
github.com/deckhouse/dmt/pkg/linters/templates/rules/vpa.go:163.3,163.38 1 0
github.com/deckhouse/dmt/pkg/linters/templates/rules/vpa.go:163.38,165.4 1 0
github.com/deckhouse/dmt/pkg/linters/templates/rules/vpa.go:167.3,167.35 1 0
github.com/deckhouse/dmt/pkg/linters/templates/rules/vpa.go:167.35,169.4 1 0
github.com/deckhouse/dmt/pkg/linters/templates/rules/vpa.go:171.3,171.38 1 0
github.com/deckhouse/dmt/pkg/linters/templates/rules/vpa.go:171.38,173.4 1 0
github.com/deckhouse/dmt/pkg/linters/templates/rules/vpa.go:175.3,175.56 1 0
github.com/deckhouse/dmt/pkg/linters/templates/rules/vpa.go:175.56,177.4 1 0
github.com/deckhouse/dmt/pkg/linters/templates/rules/vpa.go:179.3,179.62 1 0
github.com/deckhouse/dmt/pkg/linters/templates/rules/vpa.go:179.62,181.4 1 0
github.com/deckhouse/dmt/pkg/linters/templates/rules/vpa.go:183.3,183.35 1 0
github.com/deckhouse/dmt/pkg/linters/templates/rules/vpa.go:186.2,186.37 1 0
github.com/deckhouse/dmt/pkg/linters/templates/rules/vpa.go:190.125,195.9 4 0
github.com/deckhouse/dmt/pkg/linters/templates/rules/vpa.go:195.9,199.3 2 0
github.com/deckhouse/dmt/pkg/linters/templates/rules/vpa.go:201.2,202.9 2 0
github.com/deckhouse/dmt/pkg/linters/templates/rules/vpa.go:202.9,206.3 2 0
github.com/deckhouse/dmt/pkg/linters/templates/rules/vpa.go:208.2,212.21 4 0
github.com/deckhouse/dmt/pkg/linters/templates/rules/vpa.go:221.8,223.9 2 0
github.com/deckhouse/dmt/pkg/linters/templates/rules/vpa.go:223.9,228.3 2 0
github.com/deckhouse/dmt/pkg/linters/templates/rules/vpa.go:230.2,231.16 2 0
github.com/deckhouse/dmt/pkg/linters/templates/rules/vpa.go:231.16,236.3 2 0
github.com/deckhouse/dmt/pkg/linters/templates/rules/vpa.go:238.2,239.28 2 0
github.com/deckhouse/dmt/pkg/linters/templates/rules/vpa.go:239.28,241.3 1 0
github.com/deckhouse/dmt/pkg/linters/templates/rules/vpa.go:243.2,243.32 1 0
github.com/deckhouse/dmt/pkg/linters/templates/rules/vpa.go:243.32,244.32 1 0
github.com/deckhouse/dmt/pkg/linters/templates/rules/vpa.go:244.32,247.4 1 0
github.com/deckhouse/dmt/pkg/linters/templates/rules/vpa.go:250.2,250.35 1 0
github.com/deckhouse/dmt/pkg/linters/templates/rules/vpa.go:250.35,251.29 1 0
github.com/deckhouse/dmt/pkg/linters/templates/rules/vpa.go:251.29,254.4 1 0
github.com/deckhouse/dmt/pkg/linters/templates/rules/vpa.go:257.2,257.13 1 0
github.com/deckhouse/dmt/pkg/linters/templates/rules/vpa.go:265.8,267.9 2 0
github.com/deckhouse/dmt/pkg/linters/templates/rules/vpa.go:267.9,269.3 1 0
github.com/deckhouse/dmt/pkg/linters/templates/rules/vpa.go:271.2,271.11 1 0
github.com/deckhouse/dmt/pkg/linters/templates/rules/werf.go:34.30,40.2 1 1
github.com/deckhouse/dmt/pkg/linters/templates/rules/werf.go:52.91,57.2 3 1
github.com/deckhouse/dmt/pkg/linters/templates/rules/werf.go:59.99,60.37 1 1
github.com/deckhouse/dmt/pkg/linters/templates/rules/werf.go:60.37,62.17 2 1
github.com/deckhouse/dmt/pkg/linters/templates/rules/werf.go:62.17,64.12 2 0
github.com/deckhouse/dmt/pkg/linters/templates/rules/werf.go:66.3,67.51 2 1
github.com/deckhouse/dmt/pkg/linters/templates/rules/werf.go:67.51,68.12 1 0
github.com/deckhouse/dmt/pkg/linters/templates/rules/werf.go:70.3,70.76 1 1
github.com/deckhouse/dmt/pkg/linters/templates/rules/werf.go:70.76,71.48 1 1
github.com/deckhouse/dmt/pkg/linters/templates/rules/werf.go:71.48,74.5 2 1
github.com/deckhouse/dmt/pkg/linters/templates/rules/werf.go:75.4,75.15 1 1
